
///////////////////////////////////
// Efinity Synthesis Started 
// Jul 05, 2024 18:11:15
///////////////////////////////////

[EFX-0011 VERI-WARNING] data object 'r_write_data' is already declared (VERI-2170) (/home/tejas/Downloads/efinity/2023.2/project/One_wire/one_wire_inteface.v:69)
[EFX-0011 VERI-WARNING] second declaration of 'r_write_data' is ignored (VERI-1329) (/home/tejas/Downloads/efinity/2023.2/project/One_wire/one_wire_inteface.v:69)
[EFX-0011 VERI-WARNING] /* is inside a comment (VERI-1049) (/home/tejas/Downloads/efinity/2023.2/project/One_wire/one_wire_inteface.v:146)
[EFX-0011 VERI-WARNING] parameter 's_IDLE' becomes localparam in 'uart_rx' with formal parameter declaration list (VERI-1199) (/home/tejas/Downloads/efinity/2023.2/project/One_wire/uart_rx.v:10)
[EFX-0011 VERI-WARNING] parameter 's_RX_START_BIT' becomes localparam in 'uart_rx' with formal parameter declaration list (VERI-1199) (/home/tejas/Downloads/efinity/2023.2/project/One_wire/uart_rx.v:11)
[EFX-0011 VERI-WARNING] parameter 's_RX_DATA_BITS' becomes localparam in 'uart_rx' with formal parameter declaration list (VERI-1199) (/home/tejas/Downloads/efinity/2023.2/project/One_wire/uart_rx.v:12)
[EFX-0011 VERI-WARNING] parameter 's_RX_STOP_BIT' becomes localparam in 'uart_rx' with formal parameter declaration list (VERI-1199) (/home/tejas/Downloads/efinity/2023.2/project/One_wire/uart_rx.v:13)
[EFX-0011 VERI-WARNING] parameter 's_CLEANUP' becomes localparam in 'uart_rx' with formal parameter declaration list (VERI-1199) (/home/tejas/Downloads/efinity/2023.2/project/One_wire/uart_rx.v:14)
[EFX-0011 VERI-WARNING] expression size 9 truncated to fit in target size 8 (VERI-1209) (/home/tejas/Downloads/efinity/2023.2/project/One_wire/one_wire_inteface.v:227)
[EFX-0011 VERI-WARNING] expression size 9 truncated to fit in target size 8 (VERI-1209) (/home/tejas/Downloads/efinity/2023.2/project/One_wire/one_wire_inteface.v:258)
[EFX-0011 VERI-WARNING] expression size 9 truncated to fit in target size 8 (VERI-1209) (/home/tejas/Downloads/efinity/2023.2/project/One_wire/one_wire_inteface.v:282)
[EFX-0011 VERI-WARNING] expression size 9 truncated to fit in target size 8 (VERI-1209) (/home/tejas/Downloads/efinity/2023.2/project/One_wire/one_wire_inteface.v:303)
[EFX-0011 VERI-WARNING] expression size 9 truncated to fit in target size 8 (VERI-1209) (/home/tejas/Downloads/efinity/2023.2/project/One_wire/one_wire_inteface.v:327)
[EFX-0011 VERI-WARNING] expression size 9 truncated to fit in target size 8 (VERI-1209) (/home/tejas/Downloads/efinity/2023.2/project/One_wire/one_wire_inteface.v:352)
[EFX-0011 VERI-WARNING] expression size 7 truncated to fit in target size 6 (VERI-1209) (/home/tejas/Downloads/efinity/2023.2/project/One_wire/one_wire_inteface.v:356)
[EFX-0011 VERI-WARNING] expression size 8 truncated to fit in target size 5 (VERI-1209) (/home/tejas/Downloads/efinity/2023.2/project/One_wire/one_wire_inteface.v:370)
[EFX-0011 VERI-WARNING] expression size 9 truncated to fit in target size 8 (VERI-1209) (/home/tejas/Downloads/efinity/2023.2/project/One_wire/one_wire_inteface.v:393)
[EFX-0011 VERI-WARNING] expression size 7 truncated to fit in target size 6 (VERI-1209) (/home/tejas/Downloads/efinity/2023.2/project/One_wire/one_wire_inteface.v:399)
[EFX-0011 VERI-WARNING] expression size 32 truncated to fit in target size 16 (VERI-1209) (/home/tejas/Downloads/efinity/2023.2/project/One_wire/one_wire_inteface.v:457)
[EFX-0011 VERI-WARNING] expression size 32 truncated to fit in target size 16 (VERI-1209) (/home/tejas/Downloads/efinity/2023.2/project/One_wire/one_wire_inteface.v:468)
[EFX-0011 VERI-WARNING] expression size 9 truncated to fit in target size 8 (VERI-1209) (/home/tejas/Downloads/efinity/2023.2/project/One_wire/one_wire_inteface.v:504)
[EFX-0011 VERI-WARNING] expression size 32 truncated to fit in target size 16 (VERI-1209) (/home/tejas/Downloads/efinity/2023.2/project/One_wire/one_wire_inteface.v:512)
[EFX-0011 VERI-WARNING] expression size 5 truncated to fit in target size 1 (VERI-1209) (/home/tejas/Downloads/efinity/2023.2/project/One_wire/one_wire_inteface.v:537)
[EFX-0200 WARNING] Removing redundant signal : reset_count[31]. (/home/tejas/Downloads/efinity/2023.2/project/One_wire/one_wire_inteface.v:45)
[EFX-0200 WARNING] Removing redundant signal : reset_count[30]. (/home/tejas/Downloads/efinity/2023.2/project/One_wire/one_wire_inteface.v:45)
[EFX-0200 WARNING] Removing redundant signal : reset_count[29]. (/home/tejas/Downloads/efinity/2023.2/project/One_wire/one_wire_inteface.v:45)
[EFX-0200 WARNING] Removing redundant signal : reset_count[28]. (/home/tejas/Downloads/efinity/2023.2/project/One_wire/one_wire_inteface.v:45)
[EFX-0200 WARNING] Removing redundant signal : reset_count[27]. (/home/tejas/Downloads/efinity/2023.2/project/One_wire/one_wire_inteface.v:45)
[EFX-0200 WARNING] Removing redundant signal : reset_count[26]. (/home/tejas/Downloads/efinity/2023.2/project/One_wire/one_wire_inteface.v:45)
[EFX-0200 WARNING] Removing redundant signal : reset_count[25]. (/home/tejas/Downloads/efinity/2023.2/project/One_wire/one_wire_inteface.v:45)
[EFX-0200 WARNING] Removing redundant signal : reset_count[24]. (/home/tejas/Downloads/efinity/2023.2/project/One_wire/one_wire_inteface.v:45)
[EFX-0200 WARNING] Removing redundant signal : reset_count[23]. (/home/tejas/Downloads/efinity/2023.2/project/One_wire/one_wire_inteface.v:45)
[EFX-0200 WARNING] Removing redundant signal : reset_count[22]. (/home/tejas/Downloads/efinity/2023.2/project/One_wire/one_wire_inteface.v:45)
[EFX-0200 WARNING] Removing redundant signal : reset_count[21]. (/home/tejas/Downloads/efinity/2023.2/project/One_wire/one_wire_inteface.v:45)
[EFX-0200 WARNING] Removing redundant signal : reset_count[20]. (/home/tejas/Downloads/efinity/2023.2/project/One_wire/one_wire_inteface.v:45)
[EFX-0200 WARNING] Removing redundant signal : reset_count[19]. (/home/tejas/Downloads/efinity/2023.2/project/One_wire/one_wire_inteface.v:45)
[EFX-0200 WARNING] Removing redundant signal : reset_count[18]. (/home/tejas/Downloads/efinity/2023.2/project/One_wire/one_wire_inteface.v:45)
[EFX-0200 WARNING] Removing redundant signal : reset_count[17]. (/home/tejas/Downloads/efinity/2023.2/project/One_wire/one_wire_inteface.v:45)
[EFX-0200 WARNING] Removing redundant signal : reset_count[16]. (/home/tejas/Downloads/efinity/2023.2/project/One_wire/one_wire_inteface.v:45)
[EFX-0200 WARNING] Removing redundant signal : reset_count[15]. (/home/tejas/Downloads/efinity/2023.2/project/One_wire/one_wire_inteface.v:45)
[EFX-0200 WARNING] Removing redundant signal : reset_count[14]. (/home/tejas/Downloads/efinity/2023.2/project/One_wire/one_wire_inteface.v:45)
[EFX-0200 WARNING] Removing redundant signal : reset_count[13]. (/home/tejas/Downloads/efinity/2023.2/project/One_wire/one_wire_inteface.v:45)
[EFX-0200 WARNING] Removing redundant signal : reset_count[12]. (/home/tejas/Downloads/efinity/2023.2/project/One_wire/one_wire_inteface.v:45)
[EFX-0011 VERI-WARNING] Input/Inout Port clk is unconnected and will be removed 
[EFX-0011 VERI-WARNING] Input/Inout Port reset is unconnected and will be removed 
[EFX-0011 VERI-WARNING] Input/Inout Port data_valid is unconnected and will be removed 
[EFX-0011 VERI-WARNING] Input/Inout Port UID_Data[55] is unconnected and will be removed 
[EFX-0011 VERI-WARNING] Input/Inout Port UID_Data[54] is unconnected and will be removed 
[EFX-0011 VERI-WARNING] Input/Inout Port UID_Data[53] is unconnected and will be removed 
[EFX-0011 VERI-WARNING] Input/Inout Port UID_Data[52] is unconnected and will be removed 
[EFX-0011 VERI-WARNING] Input/Inout Port UID_Data[51] is unconnected and will be removed 
[EFX-0011 VERI-WARNING] Input/Inout Port UID_Data[50] is unconnected and will be removed 
[EFX-0011 VERI-WARNING] Input/Inout Port UID_Data[49] is unconnected and will be removed 
[EFX-0011 VERI-WARNING] Input/Inout Port UID_Data[48] is unconnected and will be removed 
[EFX-0011 VERI-WARNING] Input/Inout Port UID_Data[47] is unconnected and will be removed 
[EFX-0011 VERI-WARNING] Input/Inout Port UID_Data[46] is unconnected and will be removed 
[EFX-0011 VERI-WARNING] Input/Inout Port UID_Data[45] is unconnected and will be removed 
[EFX-0011 VERI-WARNING] Input/Inout Port UID_Data[44] is unconnected and will be removed 
[EFX-0011 VERI-WARNING] Input/Inout Port UID_Data[43] is unconnected and will be removed 
[EFX-0011 VERI-WARNING] Input/Inout Port UID_Data[42] is unconnected and will be removed 
[EFX-0011 VERI-WARNING] Input/Inout Port UID_Data[41] is unconnected and will be removed 
[EFX-0011 VERI-WARNING] Input/Inout Port UID_Data[40] is unconnected and will be removed 
[EFX-0011 VERI-WARNING] Input/Inout Port UID_Data[39] is unconnected and will be removed 
[EFX-0011 VERI-WARNING] Input/Inout Port UID_Data[38] is unconnected and will be removed 
[EFX-0011 VERI-WARNING] Input/Inout Port UID_Data[37] is unconnected and will be removed 
[EFX-0011 VERI-WARNING] Input/Inout Port UID_Data[36] is unconnected and will be removed 
[EFX-0011 VERI-WARNING] Input/Inout Port UID_Data[35] is unconnected and will be removed 
[EFX-0011 VERI-WARNING] Input/Inout Port UID_Data[34] is unconnected and will be removed 
[EFX-0011 VERI-WARNING] Input/Inout Port UID_Data[33] is unconnected and will be removed 
[EFX-0011 VERI-WARNING] Input/Inout Port UID_Data[32] is unconnected and will be removed 
[EFX-0011 VERI-WARNING] Input/Inout Port UID_Data[31] is unconnected and will be removed 
[EFX-0011 VERI-WARNING] Input/Inout Port UID_Data[30] is unconnected and will be removed 
[EFX-0011 VERI-WARNING] Input/Inout Port UID_Data[29] is unconnected and will be removed 
[EFX-0011 VERI-WARNING] Input/Inout Port UID_Data[28] is unconnected and will be removed 
[EFX-0011 VERI-WARNING] Input/Inout Port UID_Data[27] is unconnected and will be removed 
[EFX-0011 VERI-WARNING] Input/Inout Port UID_Data[26] is unconnected and will be removed 
[EFX-0011 VERI-WARNING] Input/Inout Port UID_Data[25] is unconnected and will be removed 
[EFX-0011 VERI-WARNING] Input/Inout Port UID_Data[24] is unconnected and will be removed 
[EFX-0011 VERI-WARNING] Input/Inout Port UID_Data[23] is unconnected and will be removed 
[EFX-0011 VERI-WARNING] Input/Inout Port UID_Data[22] is unconnected and will be removed 
[EFX-0011 VERI-WARNING] Input/Inout Port UID_Data[21] is unconnected and will be removed 
[EFX-0011 VERI-WARNING] Input/Inout Port UID_Data[20] is unconnected and will be removed 
[EFX-0011 VERI-WARNING] Input/Inout Port UID_Data[19] is unconnected and will be removed 
[EFX-0011 VERI-WARNING] Input/Inout Port UID_Data[18] is unconnected and will be removed 
[EFX-0011 VERI-WARNING] Input/Inout Port UID_Data[17] is unconnected and will be removed 
[EFX-0011 VERI-WARNING] Input/Inout Port UID_Data[16] is unconnected and will be removed 
[EFX-0011 VERI-WARNING] Input/Inout Port UID_Data[15] is unconnected and will be removed 
[EFX-0011 VERI-WARNING] Input/Inout Port UID_Data[14] is unconnected and will be removed 
[EFX-0011 VERI-WARNING] Input/Inout Port UID_Data[13] is unconnected and will be removed 
[EFX-0011 VERI-WARNING] Input/Inout Port UID_Data[12] is unconnected and will be removed 
[EFX-0011 VERI-WARNING] Input/Inout Port UID_Data[11] is unconnected and will be removed 
[EFX-0011 VERI-WARNING] Input/Inout Port UID_Data[10] is unconnected and will be removed 
[EFX-0011 VERI-WARNING] Input/Inout Port UID_Data[9] is unconnected and will be removed 
[EFX-0011 VERI-WARNING] Input/Inout Port UID_Data[8] is unconnected and will be removed 
[EFX-0011 VERI-WARNING] Input/Inout Port UID_Data[7] is unconnected and will be removed 
[EFX-0011 VERI-WARNING] Input/Inout Port UID_Data[6] is unconnected and will be removed 
[EFX-0011 VERI-WARNING] Input/Inout Port UID_Data[5] is unconnected and will be removed 
[EFX-0011 VERI-WARNING] Input/Inout Port UID_Data[4] is unconnected and will be removed 
[EFX-0011 VERI-WARNING] Input/Inout Port UID_Data[3] is unconnected and will be removed 
[EFX-0011 VERI-WARNING] Input/Inout Port UID_Data[2] is unconnected and will be removed 
[EFX-0011 VERI-WARNING] Input/Inout Port UID_Data[1] is unconnected and will be removed 
[EFX-0011 VERI-WARNING] Input/Inout Port UID_Data[0] is unconnected and will be removed 
[EFX-0011 VERI-WARNING] Input/Inout Port ROM_commad[7] is unconnected and will be removed 
[EFX-0011 VERI-WARNING] Input/Inout Port ROM_commad[6] is unconnected and will be removed 
[EFX-0011 VERI-WARNING] Input/Inout Port ROM_commad[5] is unconnected and will be removed 
[EFX-0011 VERI-WARNING] Input/Inout Port ROM_commad[4] is unconnected and will be removed 
[EFX-0011 VERI-WARNING] Input/Inout Port ROM_commad[3] is unconnected and will be removed 
[EFX-0011 VERI-WARNING] Input/Inout Port ROM_commad[2] is unconnected and will be removed 
[EFX-0011 VERI-WARNING] Input/Inout Port ROM_commad[1] is unconnected and will be removed 
[EFX-0011 VERI-WARNING] Input/Inout Port ROM_commad[0] is unconnected and will be removed 
[EFX-0011 VERI-WARNING] Input/Inout Port read_match is unconnected and will be removed 
[EFX-0011 VERI-WARNING] Input/Inout Port read_write is unconnected and will be removed 
[EFX-0011 VERI-WARNING] Input/Inout Port Fun_cmd[7] is unconnected and will be removed 
[EFX-0011 VERI-WARNING] Input/Inout Port Fun_cmd[6] is unconnected and will be removed 
[EFX-0011 VERI-WARNING] Input/Inout Port Fun_cmd[5] is unconnected and will be removed 
[EFX-0011 VERI-WARNING] Input/Inout Port Fun_cmd[4] is unconnected and will be removed 
[EFX-0011 VERI-WARNING] Input/Inout Port Fun_cmd[3] is unconnected and will be removed 
[EFX-0011 VERI-WARNING] Input/Inout Port Fun_cmd[2] is unconnected and will be removed 
[EFX-0011 VERI-WARNING] Input/Inout Port Fun_cmd[1] is unconnected and will be removed 
[EFX-0011 VERI-WARNING] Input/Inout Port Fun_cmd[0] is unconnected and will be removed 
[EFX-0011 VERI-WARNING] Input/Inout Port address[15] is unconnected and will be removed 
[EFX-0011 VERI-WARNING] Input/Inout Port address[14] is unconnected and will be removed 
[EFX-0011 VERI-WARNING] Input/Inout Port address[13] is unconnected and will be removed 
[EFX-0011 VERI-WARNING] Input/Inout Port address[12] is unconnected and will be removed 
[EFX-0011 VERI-WARNING] Input/Inout Port address[11] is unconnected and will be removed 
[EFX-0011 VERI-WARNING] Input/Inout Port address[10] is unconnected and will be removed 
[EFX-0011 VERI-WARNING] Input/Inout Port address[9] is unconnected and will be removed 
[EFX-0011 VERI-WARNING] Input/Inout Port address[8] is unconnected and will be removed 
[EFX-0011 VERI-WARNING] Input/Inout Port address[7] is unconnected and will be removed 
[EFX-0011 VERI-WARNING] Input/Inout Port address[6] is unconnected and will be removed 
[EFX-0011 VERI-WARNING] Input/Inout Port address[5] is unconnected and will be removed 
[EFX-0011 VERI-WARNING] Input/Inout Port address[4] is unconnected and will be removed 
[EFX-0011 VERI-WARNING] Input/Inout Port address[3] is unconnected and will be removed 
[EFX-0011 VERI-WARNING] Input/Inout Port address[2] is unconnected and will be removed 
[EFX-0011 VERI-WARNING] Input/Inout Port address[1] is unconnected and will be removed 
[EFX-0011 VERI-WARNING] Input/Inout Port address[0] is unconnected and will be removed 
[EFX-0011 VERI-WARNING] Input/Inout Port data_length[5] is unconnected and will be removed 
[EFX-0011 VERI-WARNING] Input/Inout Port data_length[4] is unconnected and will be removed 
[EFX-0011 VERI-WARNING] Input/Inout Port data_length[3] is unconnected and will be removed 
[EFX-0011 VERI-WARNING] Input/Inout Port data_length[2] is unconnected and will be removed 
[EFX-0011 VERI-WARNING] Input/Inout Port data_length[1] is unconnected and will be removed 
[EFX-0011 VERI-WARNING] Input/Inout Port data_length[0] is unconnected and will be removed 
[EFX-0011 VERI-WARNING] Input/Inout Port write is unconnected and will be removed 
[EFX-0011 VERI-WARNING] Input/Inout Port crc_data[7] is unconnected and will be removed 
[EFX-0011 VERI-WARNING] Input/Inout Port crc_data[6] is unconnected and will be removed 
[EFX-0011 VERI-WARNING] Input/Inout Port crc_data[5] is unconnected and will be removed 
[EFX-0011 VERI-WARNING] Input/Inout Port crc_data[4] is unconnected and will be removed 
[EFX-0011 VERI-WARNING] Input/Inout Port crc_data[3] is unconnected and will be removed 
[EFX-0011 VERI-WARNING] Input/Inout Port crc_data[2] is unconnected and will be removed 
[EFX-0011 VERI-WARNING] Input/Inout Port crc_data[1] is unconnected and will be removed 
[EFX-0011 VERI-WARNING] Input/Inout Port crc_data[0] is unconnected and will be removed 
[EFX-0011 VERI-WARNING] Input/Inout Port crc_valid is unconnected and will be removed 
[EFX-0011 VERI-WARNING] Input/Inout Port write_data[7] is unconnected and will be removed 
[EFX-0011 VERI-WARNING] Input/Inout Port write_data[6] is unconnected and will be removed 
[EFX-0011 VERI-WARNING] Input/Inout Port write_data[5] is unconnected and will be removed 
[EFX-0011 VERI-WARNING] Input/Inout Port write_data[4] is unconnected and will be removed 
[EFX-0011 VERI-WARNING] Input/Inout Port write_data[3] is unconnected and will be removed 
[EFX-0011 VERI-WARNING] Input/Inout Port write_data[2] is unconnected and will be removed 
[EFX-0011 VERI-WARNING] Input/Inout Port write_data[1] is unconnected and will be removed 
[EFX-0011 VERI-WARNING] Input/Inout Port write_data[0] is unconnected and will be removed 
[EFX-0011 VERI-WARNING] Input/Inout Port data_dv is unconnected and will be removed 
[EFX-0011 VERI-WARNING] Input/Inout Port data_in is unconnected and will be removed 

///////////////////////////////////
// Efinity Synthesis Started 
// Jul 05, 2024 18:11:30
///////////////////////////////////

[EFX-0011 VERI-WARNING] data object 'r_write_data' is already declared (VERI-2170) (/home/tejas/Downloads/efinity/2023.2/project/One_wire/one_wire_inteface.v:69)
[EFX-0011 VERI-WARNING] second declaration of 'r_write_data' is ignored (VERI-1329) (/home/tejas/Downloads/efinity/2023.2/project/One_wire/one_wire_inteface.v:69)
[EFX-0011 VERI-WARNING] /* is inside a comment (VERI-1049) (/home/tejas/Downloads/efinity/2023.2/project/One_wire/one_wire_inteface.v:146)
[EFX-0011 VERI-WARNING] parameter 's_IDLE' becomes localparam in 'uart_rx' with formal parameter declaration list (VERI-1199) (/home/tejas/Downloads/efinity/2023.2/project/One_wire/uart_rx.v:10)
[EFX-0011 VERI-WARNING] parameter 's_RX_START_BIT' becomes localparam in 'uart_rx' with formal parameter declaration list (VERI-1199) (/home/tejas/Downloads/efinity/2023.2/project/One_wire/uart_rx.v:11)
[EFX-0011 VERI-WARNING] parameter 's_RX_DATA_BITS' becomes localparam in 'uart_rx' with formal parameter declaration list (VERI-1199) (/home/tejas/Downloads/efinity/2023.2/project/One_wire/uart_rx.v:12)
[EFX-0011 VERI-WARNING] parameter 's_RX_STOP_BIT' becomes localparam in 'uart_rx' with formal parameter declaration list (VERI-1199) (/home/tejas/Downloads/efinity/2023.2/project/One_wire/uart_rx.v:13)
[EFX-0011 VERI-WARNING] parameter 's_CLEANUP' becomes localparam in 'uart_rx' with formal parameter declaration list (VERI-1199) (/home/tejas/Downloads/efinity/2023.2/project/One_wire/uart_rx.v:14)
[EFX-0011 VERI-WARNING] expression size 9 truncated to fit in target size 8 (VERI-1209) (/home/tejas/Downloads/efinity/2023.2/project/One_wire/one_wire_inteface.v:227)
[EFX-0011 VERI-WARNING] expression size 9 truncated to fit in target size 8 (VERI-1209) (/home/tejas/Downloads/efinity/2023.2/project/One_wire/one_wire_inteface.v:258)
[EFX-0011 VERI-WARNING] expression size 9 truncated to fit in target size 8 (VERI-1209) (/home/tejas/Downloads/efinity/2023.2/project/One_wire/one_wire_inteface.v:282)
[EFX-0011 VERI-WARNING] expression size 9 truncated to fit in target size 8 (VERI-1209) (/home/tejas/Downloads/efinity/2023.2/project/One_wire/one_wire_inteface.v:303)
[EFX-0011 VERI-WARNING] expression size 9 truncated to fit in target size 8 (VERI-1209) (/home/tejas/Downloads/efinity/2023.2/project/One_wire/one_wire_inteface.v:327)
[EFX-0011 VERI-WARNING] expression size 9 truncated to fit in target size 8 (VERI-1209) (/home/tejas/Downloads/efinity/2023.2/project/One_wire/one_wire_inteface.v:352)
[EFX-0011 VERI-WARNING] expression size 7 truncated to fit in target size 6 (VERI-1209) (/home/tejas/Downloads/efinity/2023.2/project/One_wire/one_wire_inteface.v:356)
[EFX-0011 VERI-WARNING] expression size 8 truncated to fit in target size 5 (VERI-1209) (/home/tejas/Downloads/efinity/2023.2/project/One_wire/one_wire_inteface.v:370)
[EFX-0011 VERI-WARNING] expression size 9 truncated to fit in target size 8 (VERI-1209) (/home/tejas/Downloads/efinity/2023.2/project/One_wire/one_wire_inteface.v:393)
[EFX-0011 VERI-WARNING] expression size 7 truncated to fit in target size 6 (VERI-1209) (/home/tejas/Downloads/efinity/2023.2/project/One_wire/one_wire_inteface.v:399)
[EFX-0011 VERI-WARNING] expression size 32 truncated to fit in target size 16 (VERI-1209) (/home/tejas/Downloads/efinity/2023.2/project/One_wire/one_wire_inteface.v:457)
[EFX-0011 VERI-WARNING] expression size 32 truncated to fit in target size 16 (VERI-1209) (/home/tejas/Downloads/efinity/2023.2/project/One_wire/one_wire_inteface.v:468)
[EFX-0011 VERI-WARNING] expression size 9 truncated to fit in target size 8 (VERI-1209) (/home/tejas/Downloads/efinity/2023.2/project/One_wire/one_wire_inteface.v:504)
[EFX-0011 VERI-WARNING] expression size 32 truncated to fit in target size 16 (VERI-1209) (/home/tejas/Downloads/efinity/2023.2/project/One_wire/one_wire_inteface.v:512)
[EFX-0011 VERI-WARNING] expression size 5 truncated to fit in target size 1 (VERI-1209) (/home/tejas/Downloads/efinity/2023.2/project/One_wire/one_wire_inteface.v:537)
[EFX-0200 WARNING] Removing redundant signal : reset_count[31]. (/home/tejas/Downloads/efinity/2023.2/project/One_wire/one_wire_inteface.v:45)
[EFX-0200 WARNING] Removing redundant signal : reset_count[30]. (/home/tejas/Downloads/efinity/2023.2/project/One_wire/one_wire_inteface.v:45)
[EFX-0200 WARNING] Removing redundant signal : reset_count[29]. (/home/tejas/Downloads/efinity/2023.2/project/One_wire/one_wire_inteface.v:45)
[EFX-0200 WARNING] Removing redundant signal : reset_count[28]. (/home/tejas/Downloads/efinity/2023.2/project/One_wire/one_wire_inteface.v:45)
[EFX-0200 WARNING] Removing redundant signal : reset_count[27]. (/home/tejas/Downloads/efinity/2023.2/project/One_wire/one_wire_inteface.v:45)
[EFX-0200 WARNING] Removing redundant signal : reset_count[26]. (/home/tejas/Downloads/efinity/2023.2/project/One_wire/one_wire_inteface.v:45)
[EFX-0200 WARNING] Removing redundant signal : reset_count[25]. (/home/tejas/Downloads/efinity/2023.2/project/One_wire/one_wire_inteface.v:45)
[EFX-0200 WARNING] Removing redundant signal : reset_count[24]. (/home/tejas/Downloads/efinity/2023.2/project/One_wire/one_wire_inteface.v:45)
[EFX-0200 WARNING] Removing redundant signal : reset_count[23]. (/home/tejas/Downloads/efinity/2023.2/project/One_wire/one_wire_inteface.v:45)
[EFX-0200 WARNING] Removing redundant signal : reset_count[22]. (/home/tejas/Downloads/efinity/2023.2/project/One_wire/one_wire_inteface.v:45)
[EFX-0200 WARNING] Removing redundant signal : reset_count[21]. (/home/tejas/Downloads/efinity/2023.2/project/One_wire/one_wire_inteface.v:45)
[EFX-0200 WARNING] Removing redundant signal : reset_count[20]. (/home/tejas/Downloads/efinity/2023.2/project/One_wire/one_wire_inteface.v:45)
[EFX-0200 WARNING] Removing redundant signal : reset_count[19]. (/home/tejas/Downloads/efinity/2023.2/project/One_wire/one_wire_inteface.v:45)
[EFX-0200 WARNING] Removing redundant signal : reset_count[18]. (/home/tejas/Downloads/efinity/2023.2/project/One_wire/one_wire_inteface.v:45)
[EFX-0200 WARNING] Removing redundant signal : reset_count[17]. (/home/tejas/Downloads/efinity/2023.2/project/One_wire/one_wire_inteface.v:45)
[EFX-0200 WARNING] Removing redundant signal : reset_count[16]. (/home/tejas/Downloads/efinity/2023.2/project/One_wire/one_wire_inteface.v:45)
[EFX-0200 WARNING] Removing redundant signal : reset_count[15]. (/home/tejas/Downloads/efinity/2023.2/project/One_wire/one_wire_inteface.v:45)
[EFX-0200 WARNING] Removing redundant signal : reset_count[14]. (/home/tejas/Downloads/efinity/2023.2/project/One_wire/one_wire_inteface.v:45)
[EFX-0200 WARNING] Removing redundant signal : reset_count[13]. (/home/tejas/Downloads/efinity/2023.2/project/One_wire/one_wire_inteface.v:45)
[EFX-0200 WARNING] Removing redundant signal : reset_count[12]. (/home/tejas/Downloads/efinity/2023.2/project/One_wire/one_wire_inteface.v:45)
[EFX-0011 VERI-WARNING] Input/Inout Port clk is unconnected and will be removed 
[EFX-0011 VERI-WARNING] Input/Inout Port reset is unconnected and will be removed 
[EFX-0011 VERI-WARNING] Input/Inout Port data_valid is unconnected and will be removed 
[EFX-0011 VERI-WARNING] Input/Inout Port UID_Data[55] is unconnected and will be removed 
[EFX-0011 VERI-WARNING] Input/Inout Port UID_Data[54] is unconnected and will be removed 
[EFX-0011 VERI-WARNING] Input/Inout Port UID_Data[53] is unconnected and will be removed 
[EFX-0011 VERI-WARNING] Input/Inout Port UID_Data[52] is unconnected and will be removed 
[EFX-0011 VERI-WARNING] Input/Inout Port UID_Data[51] is unconnected and will be removed 
[EFX-0011 VERI-WARNING] Input/Inout Port UID_Data[50] is unconnected and will be removed 
[EFX-0011 VERI-WARNING] Input/Inout Port UID_Data[49] is unconnected and will be removed 
[EFX-0011 VERI-WARNING] Input/Inout Port UID_Data[48] is unconnected and will be removed 
[EFX-0011 VERI-WARNING] Input/Inout Port UID_Data[47] is unconnected and will be removed 
[EFX-0011 VERI-WARNING] Input/Inout Port UID_Data[46] is unconnected and will be removed 
[EFX-0011 VERI-WARNING] Input/Inout Port UID_Data[45] is unconnected and will be removed 
[EFX-0011 VERI-WARNING] Input/Inout Port UID_Data[44] is unconnected and will be removed 
[EFX-0011 VERI-WARNING] Input/Inout Port UID_Data[43] is unconnected and will be removed 
[EFX-0011 VERI-WARNING] Input/Inout Port UID_Data[42] is unconnected and will be removed 
[EFX-0011 VERI-WARNING] Input/Inout Port UID_Data[41] is unconnected and will be removed 
[EFX-0011 VERI-WARNING] Input/Inout Port UID_Data[40] is unconnected and will be removed 
[EFX-0011 VERI-WARNING] Input/Inout Port UID_Data[39] is unconnected and will be removed 
[EFX-0011 VERI-WARNING] Input/Inout Port UID_Data[38] is unconnected and will be removed 
[EFX-0011 VERI-WARNING] Input/Inout Port UID_Data[37] is unconnected and will be removed 
[EFX-0011 VERI-WARNING] Input/Inout Port UID_Data[36] is unconnected and will be removed 
[EFX-0011 VERI-WARNING] Input/Inout Port UID_Data[35] is unconnected and will be removed 
[EFX-0011 VERI-WARNING] Input/Inout Port UID_Data[34] is unconnected and will be removed 
[EFX-0011 VERI-WARNING] Input/Inout Port UID_Data[33] is unconnected and will be removed 
[EFX-0011 VERI-WARNING] Input/Inout Port UID_Data[32] is unconnected and will be removed 
[EFX-0011 VERI-WARNING] Input/Inout Port UID_Data[31] is unconnected and will be removed 
[EFX-0011 VERI-WARNING] Input/Inout Port UID_Data[30] is unconnected and will be removed 
[EFX-0011 VERI-WARNING] Input/Inout Port UID_Data[29] is unconnected and will be removed 
[EFX-0011 VERI-WARNING] Input/Inout Port UID_Data[28] is unconnected and will be removed 
[EFX-0011 VERI-WARNING] Input/Inout Port UID_Data[27] is unconnected and will be removed 
[EFX-0011 VERI-WARNING] Input/Inout Port UID_Data[26] is unconnected and will be removed 
[EFX-0011 VERI-WARNING] Input/Inout Port UID_Data[25] is unconnected and will be removed 
[EFX-0011 VERI-WARNING] Input/Inout Port UID_Data[24] is unconnected and will be removed 
[EFX-0011 VERI-WARNING] Input/Inout Port UID_Data[23] is unconnected and will be removed 
[EFX-0011 VERI-WARNING] Input/Inout Port UID_Data[22] is unconnected and will be removed 
[EFX-0011 VERI-WARNING] Input/Inout Port UID_Data[21] is unconnected and will be removed 
[EFX-0011 VERI-WARNING] Input/Inout Port UID_Data[20] is unconnected and will be removed 
[EFX-0011 VERI-WARNING] Input/Inout Port UID_Data[19] is unconnected and will be removed 
[EFX-0011 VERI-WARNING] Input/Inout Port UID_Data[18] is unconnected and will be removed 
[EFX-0011 VERI-WARNING] Input/Inout Port UID_Data[17] is unconnected and will be removed 
[EFX-0011 VERI-WARNING] Input/Inout Port UID_Data[16] is unconnected and will be removed 
[EFX-0011 VERI-WARNING] Input/Inout Port UID_Data[15] is unconnected and will be removed 
[EFX-0011 VERI-WARNING] Input/Inout Port UID_Data[14] is unconnected and will be removed 
[EFX-0011 VERI-WARNING] Input/Inout Port UID_Data[13] is unconnected and will be removed 
[EFX-0011 VERI-WARNING] Input/Inout Port UID_Data[12] is unconnected and will be removed 
[EFX-0011 VERI-WARNING] Input/Inout Port UID_Data[11] is unconnected and will be removed 
[EFX-0011 VERI-WARNING] Input/Inout Port UID_Data[10] is unconnected and will be removed 
[EFX-0011 VERI-WARNING] Input/Inout Port UID_Data[9] is unconnected and will be removed 
[EFX-0011 VERI-WARNING] Input/Inout Port UID_Data[8] is unconnected and will be removed 
[EFX-0011 VERI-WARNING] Input/Inout Port UID_Data[7] is unconnected and will be removed 
[EFX-0011 VERI-WARNING] Input/Inout Port UID_Data[6] is unconnected and will be removed 
[EFX-0011 VERI-WARNING] Input/Inout Port UID_Data[5] is unconnected and will be removed 
[EFX-0011 VERI-WARNING] Input/Inout Port UID_Data[4] is unconnected and will be removed 
[EFX-0011 VERI-WARNING] Input/Inout Port UID_Data[3] is unconnected and will be removed 
[EFX-0011 VERI-WARNING] Input/Inout Port UID_Data[2] is unconnected and will be removed 
[EFX-0011 VERI-WARNING] Input/Inout Port UID_Data[1] is unconnected and will be removed 
[EFX-0011 VERI-WARNING] Input/Inout Port UID_Data[0] is unconnected and will be removed 
[EFX-0011 VERI-WARNING] Input/Inout Port ROM_commad[7] is unconnected and will be removed 
[EFX-0011 VERI-WARNING] Input/Inout Port ROM_commad[6] is unconnected and will be removed 
[EFX-0011 VERI-WARNING] Input/Inout Port ROM_commad[5] is unconnected and will be removed 
[EFX-0011 VERI-WARNING] Input/Inout Port ROM_commad[4] is unconnected and will be removed 
[EFX-0011 VERI-WARNING] Input/Inout Port ROM_commad[3] is unconnected and will be removed 
[EFX-0011 VERI-WARNING] Input/Inout Port ROM_commad[2] is unconnected and will be removed 
[EFX-0011 VERI-WARNING] Input/Inout Port ROM_commad[1] is unconnected and will be removed 
[EFX-0011 VERI-WARNING] Input/Inout Port ROM_commad[0] is unconnected and will be removed 
[EFX-0011 VERI-WARNING] Input/Inout Port read_match is unconnected and will be removed 
[EFX-0011 VERI-WARNING] Input/Inout Port read_write is unconnected and will be removed 
[EFX-0011 VERI-WARNING] Input/Inout Port Fun_cmd[7] is unconnected and will be removed 
[EFX-0011 VERI-WARNING] Input/Inout Port Fun_cmd[6] is unconnected and will be removed 
[EFX-0011 VERI-WARNING] Input/Inout Port Fun_cmd[5] is unconnected and will be removed 
[EFX-0011 VERI-WARNING] Input/Inout Port Fun_cmd[4] is unconnected and will be removed 
[EFX-0011 VERI-WARNING] Input/Inout Port Fun_cmd[3] is unconnected and will be removed 
[EFX-0011 VERI-WARNING] Input/Inout Port Fun_cmd[2] is unconnected and will be removed 
[EFX-0011 VERI-WARNING] Input/Inout Port Fun_cmd[1] is unconnected and will be removed 
[EFX-0011 VERI-WARNING] Input/Inout Port Fun_cmd[0] is unconnected and will be removed 
[EFX-0011 VERI-WARNING] Input/Inout Port address[15] is unconnected and will be removed 
[EFX-0011 VERI-WARNING] Input/Inout Port address[14] is unconnected and will be removed 
[EFX-0011 VERI-WARNING] Input/Inout Port address[13] is unconnected and will be removed 
[EFX-0011 VERI-WARNING] Input/Inout Port address[12] is unconnected and will be removed 
[EFX-0011 VERI-WARNING] Input/Inout Port address[11] is unconnected and will be removed 
[EFX-0011 VERI-WARNING] Input/Inout Port address[10] is unconnected and will be removed 
[EFX-0011 VERI-WARNING] Input/Inout Port address[9] is unconnected and will be removed 
[EFX-0011 VERI-WARNING] Input/Inout Port address[8] is unconnected and will be removed 
[EFX-0011 VERI-WARNING] Input/Inout Port address[7] is unconnected and will be removed 
[EFX-0011 VERI-WARNING] Input/Inout Port address[6] is unconnected and will be removed 
[EFX-0011 VERI-WARNING] Input/Inout Port address[5] is unconnected and will be removed 
[EFX-0011 VERI-WARNING] Input/Inout Port address[4] is unconnected and will be removed 
[EFX-0011 VERI-WARNING] Input/Inout Port address[3] is unconnected and will be removed 
[EFX-0011 VERI-WARNING] Input/Inout Port address[2] is unconnected and will be removed 
[EFX-0011 VERI-WARNING] Input/Inout Port address[1] is unconnected and will be removed 
[EFX-0011 VERI-WARNING] Input/Inout Port address[0] is unconnected and will be removed 
[EFX-0011 VERI-WARNING] Input/Inout Port data_length[5] is unconnected and will be removed 
[EFX-0011 VERI-WARNING] Input/Inout Port data_length[4] is unconnected and will be removed 
[EFX-0011 VERI-WARNING] Input/Inout Port data_length[3] is unconnected and will be removed 
[EFX-0011 VERI-WARNING] Input/Inout Port data_length[2] is unconnected and will be removed 
[EFX-0011 VERI-WARNING] Input/Inout Port data_length[1] is unconnected and will be removed 
[EFX-0011 VERI-WARNING] Input/Inout Port data_length[0] is unconnected and will be removed 
[EFX-0011 VERI-WARNING] Input/Inout Port write is unconnected and will be removed 
[EFX-0011 VERI-WARNING] Input/Inout Port crc_data[7] is unconnected and will be removed 
[EFX-0011 VERI-WARNING] Input/Inout Port crc_data[6] is unconnected and will be removed 
[EFX-0011 VERI-WARNING] Input/Inout Port crc_data[5] is unconnected and will be removed 
[EFX-0011 VERI-WARNING] Input/Inout Port crc_data[4] is unconnected and will be removed 
[EFX-0011 VERI-WARNING] Input/Inout Port crc_data[3] is unconnected and will be removed 
[EFX-0011 VERI-WARNING] Input/Inout Port crc_data[2] is unconnected and will be removed 
[EFX-0011 VERI-WARNING] Input/Inout Port crc_data[1] is unconnected and will be removed 
[EFX-0011 VERI-WARNING] Input/Inout Port crc_data[0] is unconnected and will be removed 
[EFX-0011 VERI-WARNING] Input/Inout Port crc_valid is unconnected and will be removed 
[EFX-0011 VERI-WARNING] Input/Inout Port write_data[7] is unconnected and will be removed 
[EFX-0011 VERI-WARNING] Input/Inout Port write_data[6] is unconnected and will be removed 
[EFX-0011 VERI-WARNING] Input/Inout Port write_data[5] is unconnected and will be removed 
[EFX-0011 VERI-WARNING] Input/Inout Port write_data[4] is unconnected and will be removed 
[EFX-0011 VERI-WARNING] Input/Inout Port write_data[3] is unconnected and will be removed 
[EFX-0011 VERI-WARNING] Input/Inout Port write_data[2] is unconnected and will be removed 
[EFX-0011 VERI-WARNING] Input/Inout Port write_data[1] is unconnected and will be removed 
[EFX-0011 VERI-WARNING] Input/Inout Port write_data[0] is unconnected and will be removed 
[EFX-0011 VERI-WARNING] Input/Inout Port data_dv is unconnected and will be removed 
[EFX-0011 VERI-WARNING] Input/Inout Port data_in is unconnected and will be removed 

///////////////////////////////////
// Efinity Synthesis Started 
// Jul 05, 2024 18:15:56
///////////////////////////////////

[EFX-0011 VERI-WARNING] data object 'r_write_data' is already declared (VERI-2170) (/home/tejas/Downloads/efinity/2023.2/project/One_wire/one_wire_inteface.v:69)
[EFX-0011 VERI-WARNING] second declaration of 'r_write_data' is ignored (VERI-1329) (/home/tejas/Downloads/efinity/2023.2/project/One_wire/one_wire_inteface.v:69)
[EFX-0011 VERI-WARNING] /* is inside a comment (VERI-1049) (/home/tejas/Downloads/efinity/2023.2/project/One_wire/one_wire_inteface.v:146)
[EFX-0011 VERI-WARNING] parameter 's_IDLE' becomes localparam in 'uart_rx' with formal parameter declaration list (VERI-1199) (/home/tejas/Downloads/efinity/2023.2/project/One_wire/uart_rx.v:10)
[EFX-0011 VERI-WARNING] parameter 's_RX_START_BIT' becomes localparam in 'uart_rx' with formal parameter declaration list (VERI-1199) (/home/tejas/Downloads/efinity/2023.2/project/One_wire/uart_rx.v:11)
[EFX-0011 VERI-WARNING] parameter 's_RX_DATA_BITS' becomes localparam in 'uart_rx' with formal parameter declaration list (VERI-1199) (/home/tejas/Downloads/efinity/2023.2/project/One_wire/uart_rx.v:12)
[EFX-0011 VERI-WARNING] parameter 's_RX_STOP_BIT' becomes localparam in 'uart_rx' with formal parameter declaration list (VERI-1199) (/home/tejas/Downloads/efinity/2023.2/project/One_wire/uart_rx.v:13)
[EFX-0011 VERI-WARNING] parameter 's_CLEANUP' becomes localparam in 'uart_rx' with formal parameter declaration list (VERI-1199) (/home/tejas/Downloads/efinity/2023.2/project/One_wire/uart_rx.v:14)
[EFX-0011 VERI-WARNING] using initial value of 'crc_poly' since it is never assigned (VERI-1220) (/home/tejas/Downloads/efinity/2023.2/project/One_wire/one_wire_crc.v:21)
[EFX-0011 VERI-WARNING] expression size 9 truncated to fit in target size 8 (VERI-1209) (/home/tejas/Downloads/efinity/2023.2/project/One_wire/one_wire_crc.v:43)
[EFX-0011 VERI-WARNING] expression size 32 truncated to fit in target size 8 (VERI-1209) (/home/tejas/Downloads/efinity/2023.2/project/One_wire/one_wire_crc.v:73)

///////////////////////////////////
// Efinity Synthesis Started 
// Jul 05, 2024 18:17:30
///////////////////////////////////

[EFX-0011 VERI-WARNING] data object 'r_write_data' is already declared (VERI-2170) (/home/tejas/Downloads/efinity/2023.2/project/One_wire/one_wire_inteface.v:69)
[EFX-0011 VERI-WARNING] second declaration of 'r_write_data' is ignored (VERI-1329) (/home/tejas/Downloads/efinity/2023.2/project/One_wire/one_wire_inteface.v:69)
[EFX-0011 VERI-WARNING] /* is inside a comment (VERI-1049) (/home/tejas/Downloads/efinity/2023.2/project/One_wire/one_wire_inteface.v:146)
[EFX-0011 VERI-WARNING] parameter 's_IDLE' becomes localparam in 'uart_rx' with formal parameter declaration list (VERI-1199) (/home/tejas/Downloads/efinity/2023.2/project/One_wire/uart_rx.v:10)
[EFX-0011 VERI-WARNING] parameter 's_RX_START_BIT' becomes localparam in 'uart_rx' with formal parameter declaration list (VERI-1199) (/home/tejas/Downloads/efinity/2023.2/project/One_wire/uart_rx.v:11)
[EFX-0011 VERI-WARNING] parameter 's_RX_DATA_BITS' becomes localparam in 'uart_rx' with formal parameter declaration list (VERI-1199) (/home/tejas/Downloads/efinity/2023.2/project/One_wire/uart_rx.v:12)
[EFX-0011 VERI-WARNING] parameter 's_RX_STOP_BIT' becomes localparam in 'uart_rx' with formal parameter declaration list (VERI-1199) (/home/tejas/Downloads/efinity/2023.2/project/One_wire/uart_rx.v:13)
[EFX-0011 VERI-WARNING] parameter 's_CLEANUP' becomes localparam in 'uart_rx' with formal parameter declaration list (VERI-1199) (/home/tejas/Downloads/efinity/2023.2/project/One_wire/uart_rx.v:14)
[EFX-0011 VERI-WARNING] expression size 12 truncated to fit in target size 11 (VERI-1209) (/home/tejas/Downloads/efinity/2023.2/project/One_wire/uart_rx.v:53)
[EFX-0011 VERI-WARNING] expression size 12 truncated to fit in target size 11 (VERI-1209) (/home/tejas/Downloads/efinity/2023.2/project/One_wire/uart_rx.v:60)
[EFX-0011 VERI-WARNING] expression size 4 truncated to fit in target size 3 (VERI-1209) (/home/tejas/Downloads/efinity/2023.2/project/One_wire/uart_rx.v:68)
[EFX-0011 VERI-WARNING] expression size 12 truncated to fit in target size 11 (VERI-1209) (/home/tejas/Downloads/efinity/2023.2/project/One_wire/uart_rx.v:81)
[EFX-0011 VERI-WARNING] expression size 9 truncated to fit in target size 8 (VERI-1209) (/home/tejas/Downloads/efinity/2023.2/project/One_wire/uart_rx.v:101)
[EFX-0011 VERI-WARNING] net 'r_Rx_Byte[8]' does not have a driver (VDB-1002) (/home/tejas/Downloads/efinity/2023.2/project/One_wire/uart_rx.v:21)

///////////////////////////////////
// Efinity Synthesis Started 
// Jul 05, 2024 18:17:51
///////////////////////////////////

[EFX-0011 VERI-WARNING] data object 'r_write_data' is already declared (VERI-2170) (/home/tejas/Downloads/efinity/2023.2/project/One_wire/one_wire_inteface.v:69)
[EFX-0011 VERI-WARNING] second declaration of 'r_write_data' is ignored (VERI-1329) (/home/tejas/Downloads/efinity/2023.2/project/One_wire/one_wire_inteface.v:69)
[EFX-0011 VERI-WARNING] /* is inside a comment (VERI-1049) (/home/tejas/Downloads/efinity/2023.2/project/One_wire/one_wire_inteface.v:146)
[EFX-0011 VERI-WARNING] parameter 's_IDLE' becomes localparam in 'uart_rx' with formal parameter declaration list (VERI-1199) (/home/tejas/Downloads/efinity/2023.2/project/One_wire/uart_rx.v:10)
[EFX-0011 VERI-WARNING] parameter 's_RX_START_BIT' becomes localparam in 'uart_rx' with formal parameter declaration list (VERI-1199) (/home/tejas/Downloads/efinity/2023.2/project/One_wire/uart_rx.v:11)
[EFX-0011 VERI-WARNING] parameter 's_RX_DATA_BITS' becomes localparam in 'uart_rx' with formal parameter declaration list (VERI-1199) (/home/tejas/Downloads/efinity/2023.2/project/One_wire/uart_rx.v:12)
[EFX-0011 VERI-WARNING] parameter 's_RX_STOP_BIT' becomes localparam in 'uart_rx' with formal parameter declaration list (VERI-1199) (/home/tejas/Downloads/efinity/2023.2/project/One_wire/uart_rx.v:13)
[EFX-0011 VERI-WARNING] parameter 's_CLEANUP' becomes localparam in 'uart_rx' with formal parameter declaration list (VERI-1199) (/home/tejas/Downloads/efinity/2023.2/project/One_wire/uart_rx.v:14)
[EFX-0011 VERI-WARNING] expression size 12 truncated to fit in target size 11 (VERI-1209) (/home/tejas/Downloads/efinity/2023.2/project/One_wire/uart_rx.v:53)
[EFX-0011 VERI-WARNING] expression size 12 truncated to fit in target size 11 (VERI-1209) (/home/tejas/Downloads/efinity/2023.2/project/One_wire/uart_rx.v:60)
[EFX-0011 VERI-WARNING] expression size 4 truncated to fit in target size 3 (VERI-1209) (/home/tejas/Downloads/efinity/2023.2/project/One_wire/uart_rx.v:68)
[EFX-0011 VERI-WARNING] expression size 12 truncated to fit in target size 11 (VERI-1209) (/home/tejas/Downloads/efinity/2023.2/project/One_wire/uart_rx.v:81)
[EFX-0011 VERI-WARNING] expression size 9 truncated to fit in target size 8 (VERI-1209) (/home/tejas/Downloads/efinity/2023.2/project/One_wire/uart_rx.v:101)
[EFX-0011 VERI-WARNING] net 'r_Rx_Byte[8]' does not have a driver (VDB-1002) (/home/tejas/Downloads/efinity/2023.2/project/One_wire/uart_rx.v:21)

///////////////////////////////////
// Efinity Synthesis Started 
// Jul 05, 2024 18:19:41
///////////////////////////////////

[EFX-0011 VERI-WARNING] data object 'r_write_data' is already declared (VERI-2170) (/home/tejas/Downloads/efinity/2023.2/project/One_wire/one_wire_inteface.v:69)
[EFX-0011 VERI-WARNING] second declaration of 'r_write_data' is ignored (VERI-1329) (/home/tejas/Downloads/efinity/2023.2/project/One_wire/one_wire_inteface.v:69)
[EFX-0011 VERI-WARNING] /* is inside a comment (VERI-1049) (/home/tejas/Downloads/efinity/2023.2/project/One_wire/one_wire_inteface.v:146)
[EFX-0011 VERI-WARNING] parameter 's_IDLE' becomes localparam in 'uart_rx' with formal parameter declaration list (VERI-1199) (/home/tejas/Downloads/efinity/2023.2/project/One_wire/uart_rx.v:10)
[EFX-0011 VERI-WARNING] parameter 's_RX_START_BIT' becomes localparam in 'uart_rx' with formal parameter declaration list (VERI-1199) (/home/tejas/Downloads/efinity/2023.2/project/One_wire/uart_rx.v:11)
[EFX-0011 VERI-WARNING] parameter 's_RX_DATA_BITS' becomes localparam in 'uart_rx' with formal parameter declaration list (VERI-1199) (/home/tejas/Downloads/efinity/2023.2/project/One_wire/uart_rx.v:12)
[EFX-0011 VERI-WARNING] parameter 's_RX_STOP_BIT' becomes localparam in 'uart_rx' with formal parameter declaration list (VERI-1199) (/home/tejas/Downloads/efinity/2023.2/project/One_wire/uart_rx.v:13)
[EFX-0011 VERI-WARNING] parameter 's_CLEANUP' becomes localparam in 'uart_rx' with formal parameter declaration list (VERI-1199) (/home/tejas/Downloads/efinity/2023.2/project/One_wire/uart_rx.v:14)
[EFX-0011 VERI-WARNING] expression size 9 truncated to fit in target size 8 (VERI-1209) (/home/tejas/Downloads/efinity/2023.2/project/One_wire/one_wire_inteface.v:227)
[EFX-0011 VERI-WARNING] expression size 9 truncated to fit in target size 8 (VERI-1209) (/home/tejas/Downloads/efinity/2023.2/project/One_wire/one_wire_inteface.v:258)
[EFX-0011 VERI-WARNING] expression size 9 truncated to fit in target size 8 (VERI-1209) (/home/tejas/Downloads/efinity/2023.2/project/One_wire/one_wire_inteface.v:282)
[EFX-0011 VERI-WARNING] expression size 9 truncated to fit in target size 8 (VERI-1209) (/home/tejas/Downloads/efinity/2023.2/project/One_wire/one_wire_inteface.v:303)
[EFX-0011 VERI-WARNING] expression size 9 truncated to fit in target size 8 (VERI-1209) (/home/tejas/Downloads/efinity/2023.2/project/One_wire/one_wire_inteface.v:327)
[EFX-0011 VERI-WARNING] expression size 9 truncated to fit in target size 8 (VERI-1209) (/home/tejas/Downloads/efinity/2023.2/project/One_wire/one_wire_inteface.v:352)
[EFX-0011 VERI-WARNING] expression size 7 truncated to fit in target size 6 (VERI-1209) (/home/tejas/Downloads/efinity/2023.2/project/One_wire/one_wire_inteface.v:356)
[EFX-0011 VERI-WARNING] expression size 8 truncated to fit in target size 5 (VERI-1209) (/home/tejas/Downloads/efinity/2023.2/project/One_wire/one_wire_inteface.v:370)
[EFX-0011 VERI-WARNING] expression size 9 truncated to fit in target size 8 (VERI-1209) (/home/tejas/Downloads/efinity/2023.2/project/One_wire/one_wire_inteface.v:393)
[EFX-0011 VERI-WARNING] expression size 7 truncated to fit in target size 6 (VERI-1209) (/home/tejas/Downloads/efinity/2023.2/project/One_wire/one_wire_inteface.v:399)
[EFX-0011 VERI-WARNING] expression size 32 truncated to fit in target size 16 (VERI-1209) (/home/tejas/Downloads/efinity/2023.2/project/One_wire/one_wire_inteface.v:457)
[EFX-0011 VERI-WARNING] expression size 32 truncated to fit in target size 16 (VERI-1209) (/home/tejas/Downloads/efinity/2023.2/project/One_wire/one_wire_inteface.v:468)
[EFX-0011 VERI-WARNING] expression size 9 truncated to fit in target size 8 (VERI-1209) (/home/tejas/Downloads/efinity/2023.2/project/One_wire/one_wire_inteface.v:504)
[EFX-0011 VERI-WARNING] expression size 32 truncated to fit in target size 16 (VERI-1209) (/home/tejas/Downloads/efinity/2023.2/project/One_wire/one_wire_inteface.v:512)
[EFX-0011 VERI-WARNING] expression size 5 truncated to fit in target size 1 (VERI-1209) (/home/tejas/Downloads/efinity/2023.2/project/One_wire/one_wire_inteface.v:537)
[EFX-0200 WARNING] Removing redundant signal : reset_count[31]. (/home/tejas/Downloads/efinity/2023.2/project/One_wire/one_wire_inteface.v:45)
[EFX-0200 WARNING] Removing redundant signal : reset_count[30]. (/home/tejas/Downloads/efinity/2023.2/project/One_wire/one_wire_inteface.v:45)
[EFX-0200 WARNING] Removing redundant signal : reset_count[29]. (/home/tejas/Downloads/efinity/2023.2/project/One_wire/one_wire_inteface.v:45)
[EFX-0200 WARNING] Removing redundant signal : reset_count[28]. (/home/tejas/Downloads/efinity/2023.2/project/One_wire/one_wire_inteface.v:45)
[EFX-0200 WARNING] Removing redundant signal : reset_count[27]. (/home/tejas/Downloads/efinity/2023.2/project/One_wire/one_wire_inteface.v:45)
[EFX-0200 WARNING] Removing redundant signal : reset_count[26]. (/home/tejas/Downloads/efinity/2023.2/project/One_wire/one_wire_inteface.v:45)
[EFX-0200 WARNING] Removing redundant signal : reset_count[25]. (/home/tejas/Downloads/efinity/2023.2/project/One_wire/one_wire_inteface.v:45)
[EFX-0200 WARNING] Removing redundant signal : reset_count[24]. (/home/tejas/Downloads/efinity/2023.2/project/One_wire/one_wire_inteface.v:45)
[EFX-0200 WARNING] Removing redundant signal : reset_count[23]. (/home/tejas/Downloads/efinity/2023.2/project/One_wire/one_wire_inteface.v:45)
[EFX-0200 WARNING] Removing redundant signal : reset_count[22]. (/home/tejas/Downloads/efinity/2023.2/project/One_wire/one_wire_inteface.v:45)
[EFX-0200 WARNING] Removing redundant signal : reset_count[21]. (/home/tejas/Downloads/efinity/2023.2/project/One_wire/one_wire_inteface.v:45)
[EFX-0200 WARNING] Removing redundant signal : reset_count[20]. (/home/tejas/Downloads/efinity/2023.2/project/One_wire/one_wire_inteface.v:45)
[EFX-0200 WARNING] Removing redundant signal : reset_count[19]. (/home/tejas/Downloads/efinity/2023.2/project/One_wire/one_wire_inteface.v:45)
[EFX-0200 WARNING] Removing redundant signal : reset_count[18]. (/home/tejas/Downloads/efinity/2023.2/project/One_wire/one_wire_inteface.v:45)
[EFX-0200 WARNING] Removing redundant signal : reset_count[17]. (/home/tejas/Downloads/efinity/2023.2/project/One_wire/one_wire_inteface.v:45)
[EFX-0200 WARNING] Removing redundant signal : reset_count[16]. (/home/tejas/Downloads/efinity/2023.2/project/One_wire/one_wire_inteface.v:45)
[EFX-0200 WARNING] Removing redundant signal : reset_count[15]. (/home/tejas/Downloads/efinity/2023.2/project/One_wire/one_wire_inteface.v:45)
[EFX-0200 WARNING] Removing redundant signal : reset_count[14]. (/home/tejas/Downloads/efinity/2023.2/project/One_wire/one_wire_inteface.v:45)
[EFX-0200 WARNING] Removing redundant signal : reset_count[13]. (/home/tejas/Downloads/efinity/2023.2/project/One_wire/one_wire_inteface.v:45)
[EFX-0200 WARNING] Removing redundant signal : reset_count[12]. (/home/tejas/Downloads/efinity/2023.2/project/One_wire/one_wire_inteface.v:45)
[EFX-0011 VERI-WARNING] Input/Inout Port clk is unconnected and will be removed 
[EFX-0011 VERI-WARNING] Input/Inout Port reset is unconnected and will be removed 
[EFX-0011 VERI-WARNING] Input/Inout Port data_valid is unconnected and will be removed 
[EFX-0011 VERI-WARNING] Input/Inout Port UID_Data[55] is unconnected and will be removed 
[EFX-0011 VERI-WARNING] Input/Inout Port UID_Data[54] is unconnected and will be removed 
[EFX-0011 VERI-WARNING] Input/Inout Port UID_Data[53] is unconnected and will be removed 
[EFX-0011 VERI-WARNING] Input/Inout Port UID_Data[52] is unconnected and will be removed 
[EFX-0011 VERI-WARNING] Input/Inout Port UID_Data[51] is unconnected and will be removed 
[EFX-0011 VERI-WARNING] Input/Inout Port UID_Data[50] is unconnected and will be removed 
[EFX-0011 VERI-WARNING] Input/Inout Port UID_Data[49] is unconnected and will be removed 
[EFX-0011 VERI-WARNING] Input/Inout Port UID_Data[48] is unconnected and will be removed 
[EFX-0011 VERI-WARNING] Input/Inout Port UID_Data[47] is unconnected and will be removed 
[EFX-0011 VERI-WARNING] Input/Inout Port UID_Data[46] is unconnected and will be removed 
[EFX-0011 VERI-WARNING] Input/Inout Port UID_Data[45] is unconnected and will be removed 
[EFX-0011 VERI-WARNING] Input/Inout Port UID_Data[44] is unconnected and will be removed 
[EFX-0011 VERI-WARNING] Input/Inout Port UID_Data[43] is unconnected and will be removed 
[EFX-0011 VERI-WARNING] Input/Inout Port UID_Data[42] is unconnected and will be removed 
[EFX-0011 VERI-WARNING] Input/Inout Port UID_Data[41] is unconnected and will be removed 
[EFX-0011 VERI-WARNING] Input/Inout Port UID_Data[40] is unconnected and will be removed 
[EFX-0011 VERI-WARNING] Input/Inout Port UID_Data[39] is unconnected and will be removed 
[EFX-0011 VERI-WARNING] Input/Inout Port UID_Data[38] is unconnected and will be removed 
[EFX-0011 VERI-WARNING] Input/Inout Port UID_Data[37] is unconnected and will be removed 
[EFX-0011 VERI-WARNING] Input/Inout Port UID_Data[36] is unconnected and will be removed 
[EFX-0011 VERI-WARNING] Input/Inout Port UID_Data[35] is unconnected and will be removed 
[EFX-0011 VERI-WARNING] Input/Inout Port UID_Data[34] is unconnected and will be removed 
[EFX-0011 VERI-WARNING] Input/Inout Port UID_Data[33] is unconnected and will be removed 
[EFX-0011 VERI-WARNING] Input/Inout Port UID_Data[32] is unconnected and will be removed 
[EFX-0011 VERI-WARNING] Input/Inout Port UID_Data[31] is unconnected and will be removed 
[EFX-0011 VERI-WARNING] Input/Inout Port UID_Data[30] is unconnected and will be removed 
[EFX-0011 VERI-WARNING] Input/Inout Port UID_Data[29] is unconnected and will be removed 
[EFX-0011 VERI-WARNING] Input/Inout Port UID_Data[28] is unconnected and will be removed 
[EFX-0011 VERI-WARNING] Input/Inout Port UID_Data[27] is unconnected and will be removed 
[EFX-0011 VERI-WARNING] Input/Inout Port UID_Data[26] is unconnected and will be removed 
[EFX-0011 VERI-WARNING] Input/Inout Port UID_Data[25] is unconnected and will be removed 
[EFX-0011 VERI-WARNING] Input/Inout Port UID_Data[24] is unconnected and will be removed 
[EFX-0011 VERI-WARNING] Input/Inout Port UID_Data[23] is unconnected and will be removed 
[EFX-0011 VERI-WARNING] Input/Inout Port UID_Data[22] is unconnected and will be removed 
[EFX-0011 VERI-WARNING] Input/Inout Port UID_Data[21] is unconnected and will be removed 
[EFX-0011 VERI-WARNING] Input/Inout Port UID_Data[20] is unconnected and will be removed 
[EFX-0011 VERI-WARNING] Input/Inout Port UID_Data[19] is unconnected and will be removed 
[EFX-0011 VERI-WARNING] Input/Inout Port UID_Data[18] is unconnected and will be removed 
[EFX-0011 VERI-WARNING] Input/Inout Port UID_Data[17] is unconnected and will be removed 
[EFX-0011 VERI-WARNING] Input/Inout Port UID_Data[16] is unconnected and will be removed 
[EFX-0011 VERI-WARNING] Input/Inout Port UID_Data[15] is unconnected and will be removed 
[EFX-0011 VERI-WARNING] Input/Inout Port UID_Data[14] is unconnected and will be removed 
[EFX-0011 VERI-WARNING] Input/Inout Port UID_Data[13] is unconnected and will be removed 
[EFX-0011 VERI-WARNING] Input/Inout Port UID_Data[12] is unconnected and will be removed 
[EFX-0011 VERI-WARNING] Input/Inout Port UID_Data[11] is unconnected and will be removed 
[EFX-0011 VERI-WARNING] Input/Inout Port UID_Data[10] is unconnected and will be removed 
[EFX-0011 VERI-WARNING] Input/Inout Port UID_Data[9] is unconnected and will be removed 
[EFX-0011 VERI-WARNING] Input/Inout Port UID_Data[8] is unconnected and will be removed 
[EFX-0011 VERI-WARNING] Input/Inout Port UID_Data[7] is unconnected and will be removed 
[EFX-0011 VERI-WARNING] Input/Inout Port UID_Data[6] is unconnected and will be removed 
[EFX-0011 VERI-WARNING] Input/Inout Port UID_Data[5] is unconnected and will be removed 
[EFX-0011 VERI-WARNING] Input/Inout Port UID_Data[4] is unconnected and will be removed 
[EFX-0011 VERI-WARNING] Input/Inout Port UID_Data[3] is unconnected and will be removed 
[EFX-0011 VERI-WARNING] Input/Inout Port UID_Data[2] is unconnected and will be removed 
[EFX-0011 VERI-WARNING] Input/Inout Port UID_Data[1] is unconnected and will be removed 
[EFX-0011 VERI-WARNING] Input/Inout Port UID_Data[0] is unconnected and will be removed 
[EFX-0011 VERI-WARNING] Input/Inout Port ROM_commad[7] is unconnected and will be removed 
[EFX-0011 VERI-WARNING] Input/Inout Port ROM_commad[6] is unconnected and will be removed 
[EFX-0011 VERI-WARNING] Input/Inout Port ROM_commad[5] is unconnected and will be removed 
[EFX-0011 VERI-WARNING] Input/Inout Port ROM_commad[4] is unconnected and will be removed 
[EFX-0011 VERI-WARNING] Input/Inout Port ROM_commad[3] is unconnected and will be removed 
[EFX-0011 VERI-WARNING] Input/Inout Port ROM_commad[2] is unconnected and will be removed 
[EFX-0011 VERI-WARNING] Input/Inout Port ROM_commad[1] is unconnected and will be removed 
[EFX-0011 VERI-WARNING] Input/Inout Port ROM_commad[0] is unconnected and will be removed 
[EFX-0011 VERI-WARNING] Input/Inout Port read_match is unconnected and will be removed 
[EFX-0011 VERI-WARNING] Input/Inout Port read_write is unconnected and will be removed 
[EFX-0011 VERI-WARNING] Input/Inout Port Fun_cmd[7] is unconnected and will be removed 
[EFX-0011 VERI-WARNING] Input/Inout Port Fun_cmd[6] is unconnected and will be removed 
[EFX-0011 VERI-WARNING] Input/Inout Port Fun_cmd[5] is unconnected and will be removed 
[EFX-0011 VERI-WARNING] Input/Inout Port Fun_cmd[4] is unconnected and will be removed 
[EFX-0011 VERI-WARNING] Input/Inout Port Fun_cmd[3] is unconnected and will be removed 
[EFX-0011 VERI-WARNING] Input/Inout Port Fun_cmd[2] is unconnected and will be removed 
[EFX-0011 VERI-WARNING] Input/Inout Port Fun_cmd[1] is unconnected and will be removed 
[EFX-0011 VERI-WARNING] Input/Inout Port Fun_cmd[0] is unconnected and will be removed 
[EFX-0011 VERI-WARNING] Input/Inout Port address[15] is unconnected and will be removed 
[EFX-0011 VERI-WARNING] Input/Inout Port address[14] is unconnected and will be removed 
[EFX-0011 VERI-WARNING] Input/Inout Port address[13] is unconnected and will be removed 
[EFX-0011 VERI-WARNING] Input/Inout Port address[12] is unconnected and will be removed 
[EFX-0011 VERI-WARNING] Input/Inout Port address[11] is unconnected and will be removed 
[EFX-0011 VERI-WARNING] Input/Inout Port address[10] is unconnected and will be removed 
[EFX-0011 VERI-WARNING] Input/Inout Port address[9] is unconnected and will be removed 
[EFX-0011 VERI-WARNING] Input/Inout Port address[8] is unconnected and will be removed 
[EFX-0011 VERI-WARNING] Input/Inout Port address[7] is unconnected and will be removed 
[EFX-0011 VERI-WARNING] Input/Inout Port address[6] is unconnected and will be removed 
[EFX-0011 VERI-WARNING] Input/Inout Port address[5] is unconnected and will be removed 
[EFX-0011 VERI-WARNING] Input/Inout Port address[4] is unconnected and will be removed 
[EFX-0011 VERI-WARNING] Input/Inout Port address[3] is unconnected and will be removed 
[EFX-0011 VERI-WARNING] Input/Inout Port address[2] is unconnected and will be removed 
[EFX-0011 VERI-WARNING] Input/Inout Port address[1] is unconnected and will be removed 
[EFX-0011 VERI-WARNING] Input/Inout Port address[0] is unconnected and will be removed 
[EFX-0011 VERI-WARNING] Input/Inout Port data_length[5] is unconnected and will be removed 
[EFX-0011 VERI-WARNING] Input/Inout Port data_length[4] is unconnected and will be removed 
[EFX-0011 VERI-WARNING] Input/Inout Port data_length[3] is unconnected and will be removed 
[EFX-0011 VERI-WARNING] Input/Inout Port data_length[2] is unconnected and will be removed 
[EFX-0011 VERI-WARNING] Input/Inout Port data_length[1] is unconnected and will be removed 
[EFX-0011 VERI-WARNING] Input/Inout Port data_length[0] is unconnected and will be removed 
[EFX-0011 VERI-WARNING] Input/Inout Port write is unconnected and will be removed 
[EFX-0011 VERI-WARNING] Input/Inout Port crc_data[7] is unconnected and will be removed 
[EFX-0011 VERI-WARNING] Input/Inout Port crc_data[6] is unconnected and will be removed 
[EFX-0011 VERI-WARNING] Input/Inout Port crc_data[5] is unconnected and will be removed 
[EFX-0011 VERI-WARNING] Input/Inout Port crc_data[4] is unconnected and will be removed 
[EFX-0011 VERI-WARNING] Input/Inout Port crc_data[3] is unconnected and will be removed 
[EFX-0011 VERI-WARNING] Input/Inout Port crc_data[2] is unconnected and will be removed 
[EFX-0011 VERI-WARNING] Input/Inout Port crc_data[1] is unconnected and will be removed 
[EFX-0011 VERI-WARNING] Input/Inout Port crc_data[0] is unconnected and will be removed 
[EFX-0011 VERI-WARNING] Input/Inout Port crc_valid is unconnected and will be removed 
[EFX-0011 VERI-WARNING] Input/Inout Port write_data[7] is unconnected and will be removed 
[EFX-0011 VERI-WARNING] Input/Inout Port write_data[6] is unconnected and will be removed 
[EFX-0011 VERI-WARNING] Input/Inout Port write_data[5] is unconnected and will be removed 
[EFX-0011 VERI-WARNING] Input/Inout Port write_data[4] is unconnected and will be removed 
[EFX-0011 VERI-WARNING] Input/Inout Port write_data[3] is unconnected and will be removed 
[EFX-0011 VERI-WARNING] Input/Inout Port write_data[2] is unconnected and will be removed 
[EFX-0011 VERI-WARNING] Input/Inout Port write_data[1] is unconnected and will be removed 
[EFX-0011 VERI-WARNING] Input/Inout Port write_data[0] is unconnected and will be removed 
[EFX-0011 VERI-WARNING] Input/Inout Port data_dv is unconnected and will be removed 
[EFX-0011 VERI-WARNING] Input/Inout Port data_in is unconnected and will be removed 

///////////////////////////////////
// Efinity Synthesis Started 
// Jul 05, 2024 18:20:57
///////////////////////////////////

[EFX-0011 VERI-WARNING] data object 'r_write_data' is already declared (VERI-2170) (/home/tejas/Downloads/efinity/2023.2/project/One_wire/one_wire_inteface.v:68)
[EFX-0011 VERI-WARNING] second declaration of 'r_write_data' is ignored (VERI-1329) (/home/tejas/Downloads/efinity/2023.2/project/One_wire/one_wire_inteface.v:68)
[EFX-0011 VERI-WARNING] /* is inside a comment (VERI-1049) (/home/tejas/Downloads/efinity/2023.2/project/One_wire/one_wire_inteface.v:145)
[EFX-0011 VERI-WARNING] parameter 's_IDLE' becomes localparam in 'uart_rx' with formal parameter declaration list (VERI-1199) (/home/tejas/Downloads/efinity/2023.2/project/One_wire/uart_rx.v:10)
[EFX-0011 VERI-WARNING] parameter 's_RX_START_BIT' becomes localparam in 'uart_rx' with formal parameter declaration list (VERI-1199) (/home/tejas/Downloads/efinity/2023.2/project/One_wire/uart_rx.v:11)
[EFX-0011 VERI-WARNING] parameter 's_RX_DATA_BITS' becomes localparam in 'uart_rx' with formal parameter declaration list (VERI-1199) (/home/tejas/Downloads/efinity/2023.2/project/One_wire/uart_rx.v:12)
[EFX-0011 VERI-WARNING] parameter 's_RX_STOP_BIT' becomes localparam in 'uart_rx' with formal parameter declaration list (VERI-1199) (/home/tejas/Downloads/efinity/2023.2/project/One_wire/uart_rx.v:13)
[EFX-0011 VERI-WARNING] parameter 's_CLEANUP' becomes localparam in 'uart_rx' with formal parameter declaration list (VERI-1199) (/home/tejas/Downloads/efinity/2023.2/project/One_wire/uart_rx.v:14)
[EFX-0011 VERI-WARNING] expression size 9 truncated to fit in target size 8 (VERI-1209) (/home/tejas/Downloads/efinity/2023.2/project/One_wire/one_wire_inteface.v:227)
[EFX-0011 VERI-WARNING] expression size 9 truncated to fit in target size 8 (VERI-1209) (/home/tejas/Downloads/efinity/2023.2/project/One_wire/one_wire_inteface.v:258)
[EFX-0011 VERI-WARNING] expression size 9 truncated to fit in target size 8 (VERI-1209) (/home/tejas/Downloads/efinity/2023.2/project/One_wire/one_wire_inteface.v:282)
[EFX-0011 VERI-WARNING] expression size 9 truncated to fit in target size 8 (VERI-1209) (/home/tejas/Downloads/efinity/2023.2/project/One_wire/one_wire_inteface.v:303)
[EFX-0011 VERI-WARNING] expression size 9 truncated to fit in target size 8 (VERI-1209) (/home/tejas/Downloads/efinity/2023.2/project/One_wire/one_wire_inteface.v:327)
[EFX-0011 VERI-WARNING] expression size 9 truncated to fit in target size 8 (VERI-1209) (/home/tejas/Downloads/efinity/2023.2/project/One_wire/one_wire_inteface.v:352)
[EFX-0011 VERI-WARNING] expression size 7 truncated to fit in target size 6 (VERI-1209) (/home/tejas/Downloads/efinity/2023.2/project/One_wire/one_wire_inteface.v:356)
[EFX-0011 VERI-WARNING] expression size 8 truncated to fit in target size 5 (VERI-1209) (/home/tejas/Downloads/efinity/2023.2/project/One_wire/one_wire_inteface.v:370)
[EFX-0011 VERI-WARNING] expression size 9 truncated to fit in target size 8 (VERI-1209) (/home/tejas/Downloads/efinity/2023.2/project/One_wire/one_wire_inteface.v:393)
[EFX-0011 VERI-WARNING] expression size 7 truncated to fit in target size 6 (VERI-1209) (/home/tejas/Downloads/efinity/2023.2/project/One_wire/one_wire_inteface.v:399)
[EFX-0011 VERI-WARNING] expression size 32 truncated to fit in target size 16 (VERI-1209) (/home/tejas/Downloads/efinity/2023.2/project/One_wire/one_wire_inteface.v:457)
[EFX-0011 VERI-WARNING] expression size 32 truncated to fit in target size 16 (VERI-1209) (/home/tejas/Downloads/efinity/2023.2/project/One_wire/one_wire_inteface.v:468)
[EFX-0011 VERI-WARNING] expression size 9 truncated to fit in target size 8 (VERI-1209) (/home/tejas/Downloads/efinity/2023.2/project/One_wire/one_wire_inteface.v:504)
[EFX-0011 VERI-WARNING] expression size 32 truncated to fit in target size 16 (VERI-1209) (/home/tejas/Downloads/efinity/2023.2/project/One_wire/one_wire_inteface.v:512)
[EFX-0011 VERI-WARNING] expression size 5 truncated to fit in target size 1 (VERI-1209) (/home/tejas/Downloads/efinity/2023.2/project/One_wire/one_wire_inteface.v:537)
[EFX-0200 WARNING] Removing redundant signal : reset_count[31]. (/home/tejas/Downloads/efinity/2023.2/project/One_wire/one_wire_inteface.v:44)
[EFX-0200 WARNING] Removing redundant signal : reset_count[30]. (/home/tejas/Downloads/efinity/2023.2/project/One_wire/one_wire_inteface.v:44)
[EFX-0200 WARNING] Removing redundant signal : reset_count[29]. (/home/tejas/Downloads/efinity/2023.2/project/One_wire/one_wire_inteface.v:44)
[EFX-0200 WARNING] Removing redundant signal : reset_count[28]. (/home/tejas/Downloads/efinity/2023.2/project/One_wire/one_wire_inteface.v:44)
[EFX-0200 WARNING] Removing redundant signal : reset_count[27]. (/home/tejas/Downloads/efinity/2023.2/project/One_wire/one_wire_inteface.v:44)
[EFX-0200 WARNING] Removing redundant signal : reset_count[26]. (/home/tejas/Downloads/efinity/2023.2/project/One_wire/one_wire_inteface.v:44)
[EFX-0200 WARNING] Removing redundant signal : reset_count[25]. (/home/tejas/Downloads/efinity/2023.2/project/One_wire/one_wire_inteface.v:44)
[EFX-0200 WARNING] Removing redundant signal : reset_count[24]. (/home/tejas/Downloads/efinity/2023.2/project/One_wire/one_wire_inteface.v:44)
[EFX-0200 WARNING] Removing redundant signal : reset_count[23]. (/home/tejas/Downloads/efinity/2023.2/project/One_wire/one_wire_inteface.v:44)
[EFX-0200 WARNING] Removing redundant signal : reset_count[22]. (/home/tejas/Downloads/efinity/2023.2/project/One_wire/one_wire_inteface.v:44)
[EFX-0200 WARNING] Removing redundant signal : reset_count[21]. (/home/tejas/Downloads/efinity/2023.2/project/One_wire/one_wire_inteface.v:44)
[EFX-0200 WARNING] Removing redundant signal : reset_count[20]. (/home/tejas/Downloads/efinity/2023.2/project/One_wire/one_wire_inteface.v:44)
[EFX-0200 WARNING] Removing redundant signal : reset_count[19]. (/home/tejas/Downloads/efinity/2023.2/project/One_wire/one_wire_inteface.v:44)
[EFX-0200 WARNING] Removing redundant signal : reset_count[18]. (/home/tejas/Downloads/efinity/2023.2/project/One_wire/one_wire_inteface.v:44)
[EFX-0200 WARNING] Removing redundant signal : reset_count[17]. (/home/tejas/Downloads/efinity/2023.2/project/One_wire/one_wire_inteface.v:44)
[EFX-0200 WARNING] Removing redundant signal : reset_count[16]. (/home/tejas/Downloads/efinity/2023.2/project/One_wire/one_wire_inteface.v:44)
[EFX-0200 WARNING] Removing redundant signal : reset_count[15]. (/home/tejas/Downloads/efinity/2023.2/project/One_wire/one_wire_inteface.v:44)
[EFX-0200 WARNING] Removing redundant signal : reset_count[14]. (/home/tejas/Downloads/efinity/2023.2/project/One_wire/one_wire_inteface.v:44)
[EFX-0200 WARNING] Removing redundant signal : reset_count[13]. (/home/tejas/Downloads/efinity/2023.2/project/One_wire/one_wire_inteface.v:44)
[EFX-0200 WARNING] Removing redundant signal : reset_count[12]. (/home/tejas/Downloads/efinity/2023.2/project/One_wire/one_wire_inteface.v:44)
[EFX-0011 VERI-WARNING] Input/Inout Port clk is unconnected and will be removed 
[EFX-0011 VERI-WARNING] Input/Inout Port data_valid is unconnected and will be removed 
[EFX-0011 VERI-WARNING] Input/Inout Port UID_Data[55] is unconnected and will be removed 
[EFX-0011 VERI-WARNING] Input/Inout Port UID_Data[54] is unconnected and will be removed 
[EFX-0011 VERI-WARNING] Input/Inout Port UID_Data[53] is unconnected and will be removed 
[EFX-0011 VERI-WARNING] Input/Inout Port UID_Data[52] is unconnected and will be removed 
[EFX-0011 VERI-WARNING] Input/Inout Port UID_Data[51] is unconnected and will be removed 
[EFX-0011 VERI-WARNING] Input/Inout Port UID_Data[50] is unconnected and will be removed 
[EFX-0011 VERI-WARNING] Input/Inout Port UID_Data[49] is unconnected and will be removed 
[EFX-0011 VERI-WARNING] Input/Inout Port UID_Data[48] is unconnected and will be removed 
[EFX-0011 VERI-WARNING] Input/Inout Port UID_Data[47] is unconnected and will be removed 
[EFX-0011 VERI-WARNING] Input/Inout Port UID_Data[46] is unconnected and will be removed 
[EFX-0011 VERI-WARNING] Input/Inout Port UID_Data[45] is unconnected and will be removed 
[EFX-0011 VERI-WARNING] Input/Inout Port UID_Data[44] is unconnected and will be removed 
[EFX-0011 VERI-WARNING] Input/Inout Port UID_Data[43] is unconnected and will be removed 
[EFX-0011 VERI-WARNING] Input/Inout Port UID_Data[42] is unconnected and will be removed 
[EFX-0011 VERI-WARNING] Input/Inout Port UID_Data[41] is unconnected and will be removed 
[EFX-0011 VERI-WARNING] Input/Inout Port UID_Data[40] is unconnected and will be removed 
[EFX-0011 VERI-WARNING] Input/Inout Port UID_Data[39] is unconnected and will be removed 
[EFX-0011 VERI-WARNING] Input/Inout Port UID_Data[38] is unconnected and will be removed 
[EFX-0011 VERI-WARNING] Input/Inout Port UID_Data[37] is unconnected and will be removed 
[EFX-0011 VERI-WARNING] Input/Inout Port UID_Data[36] is unconnected and will be removed 
[EFX-0011 VERI-WARNING] Input/Inout Port UID_Data[35] is unconnected and will be removed 
[EFX-0011 VERI-WARNING] Input/Inout Port UID_Data[34] is unconnected and will be removed 
[EFX-0011 VERI-WARNING] Input/Inout Port UID_Data[33] is unconnected and will be removed 
[EFX-0011 VERI-WARNING] Input/Inout Port UID_Data[32] is unconnected and will be removed 
[EFX-0011 VERI-WARNING] Input/Inout Port UID_Data[31] is unconnected and will be removed 
[EFX-0011 VERI-WARNING] Input/Inout Port UID_Data[30] is unconnected and will be removed 
[EFX-0011 VERI-WARNING] Input/Inout Port UID_Data[29] is unconnected and will be removed 
[EFX-0011 VERI-WARNING] Input/Inout Port UID_Data[28] is unconnected and will be removed 
[EFX-0011 VERI-WARNING] Input/Inout Port UID_Data[27] is unconnected and will be removed 
[EFX-0011 VERI-WARNING] Input/Inout Port UID_Data[26] is unconnected and will be removed 
[EFX-0011 VERI-WARNING] Input/Inout Port UID_Data[25] is unconnected and will be removed 
[EFX-0011 VERI-WARNING] Input/Inout Port UID_Data[24] is unconnected and will be removed 
[EFX-0011 VERI-WARNING] Input/Inout Port UID_Data[23] is unconnected and will be removed 
[EFX-0011 VERI-WARNING] Input/Inout Port UID_Data[22] is unconnected and will be removed 
[EFX-0011 VERI-WARNING] Input/Inout Port UID_Data[21] is unconnected and will be removed 
[EFX-0011 VERI-WARNING] Input/Inout Port UID_Data[20] is unconnected and will be removed 
[EFX-0011 VERI-WARNING] Input/Inout Port UID_Data[19] is unconnected and will be removed 
[EFX-0011 VERI-WARNING] Input/Inout Port UID_Data[18] is unconnected and will be removed 
[EFX-0011 VERI-WARNING] Input/Inout Port UID_Data[17] is unconnected and will be removed 
[EFX-0011 VERI-WARNING] Input/Inout Port UID_Data[16] is unconnected and will be removed 
[EFX-0011 VERI-WARNING] Input/Inout Port UID_Data[15] is unconnected and will be removed 
[EFX-0011 VERI-WARNING] Input/Inout Port UID_Data[14] is unconnected and will be removed 
[EFX-0011 VERI-WARNING] Input/Inout Port UID_Data[13] is unconnected and will be removed 
[EFX-0011 VERI-WARNING] Input/Inout Port UID_Data[12] is unconnected and will be removed 
[EFX-0011 VERI-WARNING] Input/Inout Port UID_Data[11] is unconnected and will be removed 
[EFX-0011 VERI-WARNING] Input/Inout Port UID_Data[10] is unconnected and will be removed 
[EFX-0011 VERI-WARNING] Input/Inout Port UID_Data[9] is unconnected and will be removed 
[EFX-0011 VERI-WARNING] Input/Inout Port UID_Data[8] is unconnected and will be removed 
[EFX-0011 VERI-WARNING] Input/Inout Port UID_Data[7] is unconnected and will be removed 
[EFX-0011 VERI-WARNING] Input/Inout Port UID_Data[6] is unconnected and will be removed 
[EFX-0011 VERI-WARNING] Input/Inout Port UID_Data[5] is unconnected and will be removed 
[EFX-0011 VERI-WARNING] Input/Inout Port UID_Data[4] is unconnected and will be removed 
[EFX-0011 VERI-WARNING] Input/Inout Port UID_Data[3] is unconnected and will be removed 
[EFX-0011 VERI-WARNING] Input/Inout Port UID_Data[2] is unconnected and will be removed 
[EFX-0011 VERI-WARNING] Input/Inout Port UID_Data[1] is unconnected and will be removed 
[EFX-0011 VERI-WARNING] Input/Inout Port UID_Data[0] is unconnected and will be removed 
[EFX-0011 VERI-WARNING] Input/Inout Port ROM_commad[7] is unconnected and will be removed 
[EFX-0011 VERI-WARNING] Input/Inout Port ROM_commad[6] is unconnected and will be removed 
[EFX-0011 VERI-WARNING] Input/Inout Port ROM_commad[5] is unconnected and will be removed 
[EFX-0011 VERI-WARNING] Input/Inout Port ROM_commad[4] is unconnected and will be removed 
[EFX-0011 VERI-WARNING] Input/Inout Port ROM_commad[3] is unconnected and will be removed 
[EFX-0011 VERI-WARNING] Input/Inout Port ROM_commad[2] is unconnected and will be removed 
[EFX-0011 VERI-WARNING] Input/Inout Port ROM_commad[1] is unconnected and will be removed 
[EFX-0011 VERI-WARNING] Input/Inout Port ROM_commad[0] is unconnected and will be removed 
[EFX-0011 VERI-WARNING] Input/Inout Port read_match is unconnected and will be removed 
[EFX-0011 VERI-WARNING] Input/Inout Port read_write is unconnected and will be removed 
[EFX-0011 VERI-WARNING] Input/Inout Port Fun_cmd[7] is unconnected and will be removed 
[EFX-0011 VERI-WARNING] Input/Inout Port Fun_cmd[6] is unconnected and will be removed 
[EFX-0011 VERI-WARNING] Input/Inout Port Fun_cmd[5] is unconnected and will be removed 
[EFX-0011 VERI-WARNING] Input/Inout Port Fun_cmd[4] is unconnected and will be removed 
[EFX-0011 VERI-WARNING] Input/Inout Port Fun_cmd[3] is unconnected and will be removed 
[EFX-0011 VERI-WARNING] Input/Inout Port Fun_cmd[2] is unconnected and will be removed 
[EFX-0011 VERI-WARNING] Input/Inout Port Fun_cmd[1] is unconnected and will be removed 
[EFX-0011 VERI-WARNING] Input/Inout Port Fun_cmd[0] is unconnected and will be removed 
[EFX-0011 VERI-WARNING] Input/Inout Port address[15] is unconnected and will be removed 
[EFX-0011 VERI-WARNING] Input/Inout Port address[14] is unconnected and will be removed 
[EFX-0011 VERI-WARNING] Input/Inout Port address[13] is unconnected and will be removed 
[EFX-0011 VERI-WARNING] Input/Inout Port address[12] is unconnected and will be removed 
[EFX-0011 VERI-WARNING] Input/Inout Port address[11] is unconnected and will be removed 
[EFX-0011 VERI-WARNING] Input/Inout Port address[10] is unconnected and will be removed 
[EFX-0011 VERI-WARNING] Input/Inout Port address[9] is unconnected and will be removed 
[EFX-0011 VERI-WARNING] Input/Inout Port address[8] is unconnected and will be removed 
[EFX-0011 VERI-WARNING] Input/Inout Port address[7] is unconnected and will be removed 
[EFX-0011 VERI-WARNING] Input/Inout Port address[6] is unconnected and will be removed 
[EFX-0011 VERI-WARNING] Input/Inout Port address[5] is unconnected and will be removed 
[EFX-0011 VERI-WARNING] Input/Inout Port address[4] is unconnected and will be removed 
[EFX-0011 VERI-WARNING] Input/Inout Port address[3] is unconnected and will be removed 
[EFX-0011 VERI-WARNING] Input/Inout Port address[2] is unconnected and will be removed 
[EFX-0011 VERI-WARNING] Input/Inout Port address[1] is unconnected and will be removed 
[EFX-0011 VERI-WARNING] Input/Inout Port address[0] is unconnected and will be removed 
[EFX-0011 VERI-WARNING] Input/Inout Port data_length[5] is unconnected and will be removed 
[EFX-0011 VERI-WARNING] Input/Inout Port data_length[4] is unconnected and will be removed 
[EFX-0011 VERI-WARNING] Input/Inout Port data_length[3] is unconnected and will be removed 
[EFX-0011 VERI-WARNING] Input/Inout Port data_length[2] is unconnected and will be removed 
[EFX-0011 VERI-WARNING] Input/Inout Port data_length[1] is unconnected and will be removed 
[EFX-0011 VERI-WARNING] Input/Inout Port data_length[0] is unconnected and will be removed 
[EFX-0011 VERI-WARNING] Input/Inout Port write is unconnected and will be removed 
[EFX-0011 VERI-WARNING] Input/Inout Port crc_data[7] is unconnected and will be removed 
[EFX-0011 VERI-WARNING] Input/Inout Port crc_data[6] is unconnected and will be removed 
[EFX-0011 VERI-WARNING] Input/Inout Port crc_data[5] is unconnected and will be removed 
[EFX-0011 VERI-WARNING] Input/Inout Port crc_data[4] is unconnected and will be removed 
[EFX-0011 VERI-WARNING] Input/Inout Port crc_data[3] is unconnected and will be removed 
[EFX-0011 VERI-WARNING] Input/Inout Port crc_data[2] is unconnected and will be removed 
[EFX-0011 VERI-WARNING] Input/Inout Port crc_data[1] is unconnected and will be removed 
[EFX-0011 VERI-WARNING] Input/Inout Port crc_data[0] is unconnected and will be removed 
[EFX-0011 VERI-WARNING] Input/Inout Port crc_valid is unconnected and will be removed 
[EFX-0011 VERI-WARNING] Input/Inout Port write_data[7] is unconnected and will be removed 
[EFX-0011 VERI-WARNING] Input/Inout Port write_data[6] is unconnected and will be removed 
[EFX-0011 VERI-WARNING] Input/Inout Port write_data[5] is unconnected and will be removed 
[EFX-0011 VERI-WARNING] Input/Inout Port write_data[4] is unconnected and will be removed 
[EFX-0011 VERI-WARNING] Input/Inout Port write_data[3] is unconnected and will be removed 
[EFX-0011 VERI-WARNING] Input/Inout Port write_data[2] is unconnected and will be removed 
[EFX-0011 VERI-WARNING] Input/Inout Port write_data[1] is unconnected and will be removed 
[EFX-0011 VERI-WARNING] Input/Inout Port write_data[0] is unconnected and will be removed 
[EFX-0011 VERI-WARNING] Input/Inout Port data_dv is unconnected and will be removed 
[EFX-0011 VERI-WARNING] Input/Inout Port data_in is unconnected and will be removed 
