[EFX-0000 INFO] Efinix FPGA Synthesis.
[EFX-0000 INFO] Version: 2023.2.307
[EFX-0000 INFO] Compiled: Dec 15 2023.
[EFX-0000 INFO] 
[EFX-0000 INFO] Copyright (C) 2013 - 2023 Efinix, Inc. All rights reserved.

INFO: Read project database "/home/tejas/Downloads/efinity/2023.2/project/One_wire/One_wire.xml"
-- Analyzing Verilog file '/home/tejas/Downloads/efinity/2023.2/sim_models/maplib/efinix_peri_lib.v' (VERI-1482)
/home/tejas/Downloads/efinity/2023.2/sim_models/maplib/efinix_peri_lib.v(8): INFO: compiling module 'EFX_IBUF' (VERI-1018)
/home/tejas/Downloads/efinity/2023.2/sim_models/maplib/efinix_peri_lib.v(16): INFO: compiling module 'EFX_OBUF' (VERI-1018)
/home/tejas/Downloads/efinity/2023.2/sim_models/maplib/efinix_peri_lib.v(23): INFO: compiling module 'EFX_IO_BUF' (VERI-1018)
/home/tejas/Downloads/efinity/2023.2/sim_models/maplib/efinix_peri_lib.v(33): INFO: compiling module 'EFX_CLKOUT' (VERI-1018)
/home/tejas/Downloads/efinity/2023.2/sim_models/maplib/efinix_peri_lib.v(41): INFO: compiling module 'EFX_IREG' (VERI-1018)
/home/tejas/Downloads/efinity/2023.2/sim_models/maplib/efinix_peri_lib.v(51): INFO: compiling module 'EFX_OREG' (VERI-1018)
/home/tejas/Downloads/efinity/2023.2/sim_models/maplib/efinix_peri_lib.v(60): INFO: compiling module 'EFX_IOREG' (VERI-1018)
/home/tejas/Downloads/efinity/2023.2/sim_models/maplib/efinix_peri_lib.v(75): INFO: compiling module 'EFX_IDDIO' (VERI-1018)
/home/tejas/Downloads/efinity/2023.2/sim_models/maplib/efinix_peri_lib.v(87): INFO: compiling module 'EFX_ODDIO' (VERI-1018)
/home/tejas/Downloads/efinity/2023.2/sim_models/maplib/efinix_peri_lib.v(99): INFO: compiling module 'EFX_GPIO_V1' (VERI-1018)
/home/tejas/Downloads/efinity/2023.2/sim_models/maplib/efinix_peri_lib.v(118): INFO: compiling module 'EFX_PLL_V1' (VERI-1018)
/home/tejas/Downloads/efinity/2023.2/sim_models/maplib/efinix_peri_lib.v(136): INFO: compiling module 'EFX_OSC_V1' (VERI-1018)
INFO: Read project database "/home/tejas/Downloads/efinity/2023.2/project/One_wire/One_wire.xml"
INFO: ***** Beginning Analysis ... *****
INFO: default VHDL library search path is now "/home/tejas/Downloads/efinity/2023.2/sim_models/vhdl/packages/vhdl_2008" (VHDL-1504)
-- Analyzing Verilog file '/home/tejas/Downloads/efinity/2023.2/sim_models/maplib/efinix_maplib.v' (VERI-1482)
-- Analyzing Verilog file '/home/tejas/Downloads/efinity/2023.2/sim_models/maplib/efinix_peri_lib.v' (VERI-1482)
-- Analyzing Verilog file '/home/tejas/Downloads/efinity/2023.2/project/One_wire/one_wire.v' (VERI-1482)
/home/tejas/Downloads/efinity/2023.2/project/One_wire/one_wire.v(142): INFO: undeclared symbol 'reset', assumed default net type 'wire' (VERI-2561)
-- Analyzing Verilog file '/home/tejas/Downloads/efinity/2023.2/project/One_wire/one_wire_crc.v' (VERI-1482)
-- Analyzing Verilog file '/home/tejas/Downloads/efinity/2023.2/project/One_wire/one_wire_inteface.v' (VERI-1482)
/home/tejas/Downloads/efinity/2023.2/project/One_wire/one_wire_inteface.v(69): WARNING: data object 'r_write_data' is already declared (VERI-2170)
/home/tejas/Downloads/efinity/2023.2/project/One_wire/one_wire_inteface.v(66): INFO: previous declaration of 'r_write_data' is from here (VERI-1967)
/home/tejas/Downloads/efinity/2023.2/project/One_wire/one_wire_inteface.v(69): WARNING: second declaration of 'r_write_data' is ignored (VERI-1329)
/home/tejas/Downloads/efinity/2023.2/project/One_wire/one_wire_inteface.v(146): WARNING: /* is inside a comment (VERI-1049)
-- Analyzing Verilog file '/home/tejas/Downloads/efinity/2023.2/project/One_wire/one_wire_data_shifter.v' (VERI-1482)
-- Analyzing Verilog file '/home/tejas/Downloads/efinity/2023.2/project/One_wire/one_wire_data_ctrl.v' (VERI-1482)
-- Analyzing Verilog file '/home/tejas/Downloads/efinity/2023.2/project/One_wire/one_wire_bram.v' (VERI-1482)
-- Analyzing Verilog file '/home/tejas/Downloads/efinity/2023.2/project/One_wire/uart_rx.v' (VERI-1482)
/home/tejas/Downloads/efinity/2023.2/project/One_wire/uart_rx.v(10): WARNING: parameter 's_IDLE' becomes localparam in 'uart_rx' with formal parameter declaration list (VERI-1199)
/home/tejas/Downloads/efinity/2023.2/project/One_wire/uart_rx.v(11): WARNING: parameter 's_RX_START_BIT' becomes localparam in 'uart_rx' with formal parameter declaration list (VERI-1199)
/home/tejas/Downloads/efinity/2023.2/project/One_wire/uart_rx.v(12): WARNING: parameter 's_RX_DATA_BITS' becomes localparam in 'uart_rx' with formal parameter declaration list (VERI-1199)
/home/tejas/Downloads/efinity/2023.2/project/One_wire/uart_rx.v(13): WARNING: parameter 's_RX_STOP_BIT' becomes localparam in 'uart_rx' with formal parameter declaration list (VERI-1199)
/home/tejas/Downloads/efinity/2023.2/project/One_wire/uart_rx.v(14): WARNING: parameter 's_CLEANUP' becomes localparam in 'uart_rx' with formal parameter declaration list (VERI-1199)
-- Analyzing Verilog file '/home/tejas/Downloads/efinity/2023.2/project/One_wire/ip/one_wire_fifo/one_wire_fifo.v' (VERI-1482)
INFO: Analysis took 0.0193812 seconds.
INFO: 	Analysis took 0.01 seconds (approximately) in total CPU time.
INFO: Analysis virtual memory usage: begin = 192.48 MB, end = 192.876 MB, delta = 0.396 MB
INFO: Analysis resident set memory usage: begin = 65.176 MB, end = 66.584 MB, delta = 1.408 MB
INFO: 	Analysis peak resident set memory usage = 1300.29 MB
INFO: ***** Ending Analysis ... *****
INFO: ***** Beginning Elaboration ... *****
/home/tejas/Downloads/efinity/2023.2/project/One_wire/one_wire_data_shifter.v(1): INFO: compiling module 'one_wire_shifter' (VERI-1018)
/home/tejas/Downloads/efinity/2023.2/project/One_wire/one_wire_data_shifter.v(35): WARNING: expression size 9 truncated to fit in target size 8 (VERI-1209)
INFO: Elaboration took 0.00538598 seconds.
INFO: 	Elaboration took 0.01 seconds (approximately) in total CPU time.
INFO: Elaboration virtual memory usage: begin = 192.876 MB, end = 193.404 MB, delta = 0.528 MB
INFO: Elaboration resident set memory usage: begin = 66.584 MB, end = 67.608 MB, delta = 1.024 MB
INFO: 	Elaboration peak resident set memory usage = 1300.29 MB
INFO: ***** Ending Elaboration ... *****
[EFX-0000 INFO] ... Setting Synthesis Option: mode=speed
INFO: ***** Beginning Reading Mapping Library ... *****
-- Analyzing Verilog file '/home/tejas/Downloads/efinity/2023.2/sim_models/maplib/efinix_maplib.v' (VERI-1482)
/home/tejas/Downloads/efinity/2023.2/sim_models/maplib/efinix_maplib.v(8): INFO: compiling module 'EFX_ADD' (VERI-1018)
/home/tejas/Downloads/efinity/2023.2/sim_models/maplib/efinix_maplib.v(21): INFO: compiling module 'EFX_FF' (VERI-1018)
/home/tejas/Downloads/efinity/2023.2/sim_models/maplib/efinix_maplib.v(38): INFO: compiling module 'EFX_COMB4' (VERI-1018)
/home/tejas/Downloads/efinity/2023.2/sim_models/maplib/efinix_maplib.v(48): INFO: compiling module 'EFX_GBUFCE' (VERI-1018)
/home/tejas/Downloads/efinity/2023.2/sim_models/maplib/efinix_maplib.v(57): INFO: compiling module 'EFX_LUT4' (VERI-1018)
/home/tejas/Downloads/efinity/2023.2/sim_models/maplib/efinix_maplib.v(65): INFO: compiling module 'EFX_MULT' (VERI-1018)
/home/tejas/Downloads/efinity/2023.2/sim_models/maplib/efinix_maplib.v(100): INFO: compiling module 'EFX_DSP48' (VERI-1018)
/home/tejas/Downloads/efinity/2023.2/sim_models/maplib/efinix_maplib.v(156): INFO: compiling module 'EFX_DSP24' (VERI-1018)
/home/tejas/Downloads/efinity/2023.2/sim_models/maplib/efinix_maplib.v(209): INFO: compiling module 'EFX_DSP12' (VERI-1018)
/home/tejas/Downloads/efinity/2023.2/sim_models/maplib/efinix_maplib.v(262): INFO: compiling module 'EFX_RAM_4K' (VERI-1018)
/home/tejas/Downloads/efinity/2023.2/sim_models/maplib/efinix_maplib.v(322): INFO: compiling module 'EFX_RAM_5K' (VERI-1018)
/home/tejas/Downloads/efinity/2023.2/sim_models/maplib/efinix_maplib.v(394): INFO: compiling module 'EFX_DPRAM_5K' (VERI-1018)
/home/tejas/Downloads/efinity/2023.2/sim_models/maplib/efinix_maplib.v(499): INFO: compiling module 'RAMB5' (VERI-1018)
/home/tejas/Downloads/efinity/2023.2/sim_models/maplib/efinix_maplib.v(561): INFO: compiling module 'EFX_RAM_10K' (VERI-1018)
/home/tejas/Downloads/efinity/2023.2/sim_models/maplib/efinix_maplib.v(653): INFO: compiling module 'EFX_RAM10' (VERI-1018)
/home/tejas/Downloads/efinity/2023.2/sim_models/maplib/efinix_maplib.v(754): INFO: compiling module 'EFX_DPRAM10' (VERI-1018)
/home/tejas/Downloads/efinity/2023.2/sim_models/maplib/efinix_maplib.v(884): INFO: compiling module 'EFX_SRL8' (VERI-1018)
INFO: Reading Mapping Library took 0.00915976 seconds.
INFO: 	Reading Mapping Library took 0 seconds (approximately) in total CPU time.
INFO: Reading Mapping Library virtual memory usage: begin = 193.576 MB, end = 193.768 MB, delta = 0.192 MB
INFO: Reading Mapping Library resident set memory usage: begin = 67.992 MB, end = 67.992 MB, delta = 0 MB
INFO: 	Reading Mapping Library peak resident set memory usage = 1300.29 MB
INFO: ***** Ending Reading Mapping Library ... *****
[EFX-0000 INFO] ... Pre-synthesis checks begin
[EFX-0000 INFO] ... Pre-synthesis checks end (Real time : 0s CPU user time : 3s CPU sys time : 0s MEM : 1300288KB)
[EFX-0000 INFO] ... NameSpace init begin
[EFX-0000 INFO] ... NameSpace init end (Real time : 0s CPU user time : 3s CPU sys time : 0s MEM : 1300288KB)
[EFX-0000 INFO] ... Mapping design "one_wire_shifter"
[EFX-0000 INFO] ... Hierarchical pre-synthesis "one_wire_shifter" begin
[EFX-0000 INFO] ... Hierarchical pre-synthesis "one_wire_shifter" end (Real time : 0s CPU user time : 3s CPU sys time : 0s MEM : 1300288KB)
[EFX-0000 INFO] ... Flat optimizations begin
[EFX-0000 INFO] ... Flat optimizations end (Real time : 0s CPU user time : 3s CPU sys time : 0s MEM : 1300288KB)
[EFX-0000 INFO] ... Flat synthesis begin
[EFX-0000 INFO] ... Flat synthesis end (Real time : 0s CPU user time : 3s CPU sys time : 0s MEM : 1300288KB)
[EFX-0000 INFO] ... Flat optimizations begin
[EFX-0000 INFO] ... Flat optimizations end (Real time : 0s CPU user time : 3s CPU sys time : 0s MEM : 1300288KB)
[EFX-0000 INFO] ... Check and break combinational loops begin
[EFX-0000 INFO] ... Check and break combinational loops end (Real time : 0s CPU user time : 3s CPU sys time : 0s MEM : 1300288KB)
[EFX-0000 INFO] ... Sequential Optimization begin
[EFX-0000 INFO] ... Clock Network 'clk' with 66 loads will be considered for sequential optimization.
[EFX-0000 INFO] ... Sequential Optimization deduced 3 equivalent points.
[EFX-0000 INFO] ... Sequential Optimization end (Real time : 3s CPU user time : 6s CPU sys time : 0s MEM : 1300288KB)
[EFX-0000 INFO] ... SOP modeling begin
[EFX-0000 INFO] ... SOP modeling end (Real time : 0s CPU user time : 6s CPU sys time : 0s MEM : 1300288KB)
[EFX-0000 INFO] ... LUT mapping begin
[EFX-0000 INFO] ... LS, strategy: 3, nd: 52, ed: 184, lv: 5, pw: 168.35
[EFX-0000 INFO] ... LUT mapping end (Real time : 0s CPU user time : 6s CPU sys time : 0s MEM : 1300288KB)
[EFX-0000 INFO] ... Post-synthesis Verific netlist creation begin
[EFX-0000 INFO] ... Post-synthesis Verific netlist creation end (Real time : 1s CPU user time : 6s CPU sys time : 0s MEM : 1300288KB)
[EFX-0000 INFO] ... Postmap Retiming Optimization begin
[EFX-0000 INFO] ... Clock Network 'clk' with 66 loads will be considered for retiming optimization.
[EFX-0000 INFO] ... Performed 2 retime moves.
[EFX-0000 INFO] ... Postmap Retiming Optimization end (Real time : 3s CPU user time : 9s CPU sys time : 0s MEM : 1300288KB)
[EFX-0000 INFO] ... Post-synthesis Verific netlist unification/params processing begin
[EFX-0000 INFO] ... Post-synthesis Verific netlist unification/params processing end (Real time : 0s CPU user time : 9s CPU sys time : 0s MEM : 1300288KB)
INFO: ***** Beginning VDB Netlist Checker ... *****
INFO: VDB Netlist Checker took 0.0018201 seconds.
INFO: 	VDB Netlist Checker took 0 seconds (approximately) in total CPU time.
INFO: VDB Netlist Checker virtual memory usage: begin = 206.532 MB, end = 206.532 MB, delta = 0 MB
INFO: VDB Netlist Checker resident set memory usage: begin = 80.92 MB, end = 80.92 MB, delta = 0 MB
INFO: 	VDB Netlist Checker peak resident set memory usage = 1300.29 MB
INFO: ***** Ending VDB Netlist Checker ... *****
-- Writing netlist 'one_wire_shifter' to Verilog file '/home/tejas/Downloads/efinity/2023.2/project/One_wire/outflow/One_wire.map.v' (VDB-1030)
[EFX-0000 INFO] Resource Summary 
[EFX-0000 INFO] =============================== 
[EFX-0000 INFO] EFX_ADD         : 	7
[EFX-0000 INFO] EFX_LUT4        : 	53
[EFX-0000 INFO] EFX_FF          : 	75
[EFX-0000 INFO] EFX_GBUFCE      : 	1
[EFX-0000 INFO] =============================== 
